TN:
SF:src/app.js
FN:45,(anonymous_0)
FN:62,(anonymous_1)
FN:73,(anonymous_2)
FNF:3
FNH:0
FNDA:0,(anonymous_0)
FNDA:0,(anonymous_1)
FNDA:0,(anonymous_2)
DA:1,0
DA:2,0
DA:3,0
DA:4,0
DA:5,0
DA:6,0
DA:8,0
DA:9,0
DA:10,0
DA:12,0
DA:15,0
DA:18,0
DA:25,0
DA:28,0
DA:40,0
DA:41,0
DA:42,0
DA:45,0
DA:46,0
DA:47,0
DA:51,0
DA:52,0
DA:55,0
DA:56,0
DA:59,0
DA:62,0
DA:63,0
DA:73,0
DA:74,0
DA:82,0
DA:84,0
LF:31
LH:0
BRDA:30,0,0,0
BRDA:30,0,1,0
BRDA:67,1,0,0
BRDA:67,1,1,0
BRDA:68,2,0,0
BRDA:68,2,1,0
BRF:6
BRH:0
end_of_record
TN:
SF:src/controllers/checkinController.js
FN:18,(anonymous_0)
FN:27,(anonymous_1)
FN:51,(anonymous_2)
FN:84,(anonymous_3)
FN:134,(anonymous_4)
FN:178,(anonymous_5)
FN:212,(anonymous_6)
FN:297,(anonymous_7)
FNF:8
FNH:0
FNDA:0,(anonymous_0)
FNDA:0,(anonymous_1)
FNDA:0,(anonymous_2)
FNDA:0,(anonymous_3)
FNDA:0,(anonymous_4)
FNDA:0,(anonymous_5)
FNDA:0,(anonymous_6)
FNDA:0,(anonymous_7)
DA:11,0
DA:12,0
DA:19,0
DA:20,0
DA:28,0
DA:29,0
DA:31,0
DA:37,0
DA:43,0
DA:52,0
DA:53,0
DA:55,0
DA:56,0
DA:63,0
DA:65,0
DA:71,0
DA:85,0
DA:86,0
DA:88,0
DA:89,0
DA:90,0
DA:97,0
DA:98,0
DA:100,0
DA:121,0
DA:135,0
DA:136,0
DA:137,0
DA:139,0
DA:140,0
DA:141,0
DA:148,0
DA:150,0
DA:165,0
DA:179,0
DA:180,0
DA:181,0
DA:183,0
DA:200,0
DA:213,0
DA:216,0
DA:217,0
DA:227,0
DA:228,0
DA:238,0
DA:239,0
DA:250,0
DA:251,0
DA:262,0
DA:263,0
DA:273,0
DA:274,0
DA:284,0
DA:298,0
DA:299,0
DA:301,0
DA:314,0
DA:325,0
LF:58
LH:0
BRDA:29,0,0,0
BRDA:55,1,0,0
BRDA:55,1,1,0
BRDA:55,2,0,0
BRDA:55,2,1,0
BRDA:89,3,0,0
BRDA:89,3,1,0
BRDA:108,4,0,0
BRDA:108,4,1,0
BRDA:114,5,0,0
BRDA:114,5,1,0
BRDA:216,6,0,0
BRDA:216,6,1,0
BRDA:227,7,0,0
BRDA:227,7,1,0
BRDA:227,8,0,0
BRDA:227,8,1,0
BRDA:238,9,0,0
BRDA:238,9,1,0
BRDA:250,10,0,0
BRDA:250,10,1,0
BRDA:262,11,0,0
BRDA:262,11,1,0
BRDA:273,12,0,0
BRDA:273,12,1,0
BRDA:273,13,0,0
BRDA:273,13,1,0
BRF:27
BRH:0
end_of_record
TN:
SF:src/controllers/checkoutController.js
FN:17,(anonymous_0)
FN:25,(anonymous_1)
FN:54,(anonymous_2)
FN:90,(anonymous_3)
FN:115,(anonymous_4)
FN:145,(anonymous_5)
FN:195,(anonymous_6)
FN:226,(anonymous_7)
FN:257,(anonymous_8)
FNF:9
FNH:0
FNDA:0,(anonymous_0)
FNDA:0,(anonymous_1)
FNDA:0,(anonymous_2)
FNDA:0,(anonymous_3)
FNDA:0,(anonymous_4)
FNDA:0,(anonymous_5)
FNDA:0,(anonymous_6)
FNDA:0,(anonymous_7)
FNDA:0,(anonymous_8)
DA:11,0
DA:18,0
DA:26,0
DA:32,0
DA:34,0
DA:40,0
DA:46,0
DA:55,0
DA:56,0
DA:58,0
DA:59,0
DA:66,0
DA:71,0
DA:77,0
DA:91,0
DA:92,0
DA:94,0
DA:102,0
DA:116,0
DA:117,0
DA:118,0
DA:120,0
DA:132,0
DA:146,0
DA:147,0
DA:150,0
DA:154,0
DA:155,0
DA:164,0
DA:166,0
DA:181,0
DA:196,0
DA:197,0
DA:200,0
DA:201,0
DA:209,0
DA:211,0
DA:218,0
DA:227,0
DA:228,0
DA:230,0
DA:244,0
DA:258,0
DA:261,0
DA:262,0
DA:273,0
DA:274,0
DA:285,0
DA:286,0
DA:297,0
DA:298,0
DA:309,0
DA:310,0
DA:321,0
DA:322,0
DA:333,0
DA:334,0
DA:344,0
DA:345,0
DA:355,0
DA:356,0
DA:367,0
DA:377,0
LF:63
LH:0
BRDA:29,0,0,0
BRDA:30,1,0,0
BRDA:56,2,0,0
BRDA:58,3,0,0
BRDA:58,3,1,0
BRDA:117,4,0,0
BRDA:154,5,0,0
BRDA:154,5,1,0
BRDA:200,6,0,0
BRDA:200,6,1,0
BRDA:261,7,0,0
BRDA:261,7,1,0
BRDA:273,8,0,0
BRDA:273,8,1,0
BRDA:273,9,0,0
BRDA:273,9,1,0
BRDA:285,10,0,0
BRDA:285,10,1,0
BRDA:285,11,0,0
BRDA:285,11,1,0
BRDA:297,12,0,0
BRDA:297,12,1,0
BRDA:297,13,0,0
BRDA:297,13,1,0
BRDA:309,14,0,0
BRDA:309,14,1,0
BRDA:309,15,0,0
BRDA:309,15,1,0
BRDA:321,16,0,0
BRDA:321,16,1,0
BRDA:321,17,0,0
BRDA:321,17,1,0
BRDA:333,18,0,0
BRDA:333,18,1,0
BRDA:344,19,0,0
BRDA:344,19,1,0
BRDA:355,20,0,0
BRDA:355,20,1,0
BRDA:355,21,0,0
BRDA:355,21,1,0
BRF:40
BRH:0
end_of_record
TN:
SF:src/controllers/garageController.js
FN:17,(anonymous_0)
FN:26,(anonymous_1)
FN:61,(anonymous_2)
FN:97,(anonymous_3)
FN:134,(anonymous_4)
FN:167,(anonymous_5)
FN:197,(anonymous_6)
FN:224,(anonymous_7)
FN:249,(anonymous_8)
FN:282,(anonymous_9)
FNF:10
FNH:0
FNDA:0,(anonymous_0)
FNDA:0,(anonymous_1)
FNDA:0,(anonymous_2)
FNDA:0,(anonymous_3)
FNDA:0,(anonymous_4)
FNDA:0,(anonymous_5)
FNDA:0,(anonymous_6)
FNDA:0,(anonymous_7)
FNDA:0,(anonymous_8)
FNDA:0,(anonymous_9)
DA:11,0
DA:18,0
DA:27,0
DA:28,0
DA:30,0
DA:35,0
DA:40,0
DA:41,0
DA:48,0
DA:62,0
DA:63,0
DA:65,0
DA:70,0
DA:76,0
DA:77,0
DA:84,0
DA:98,0
DA:99,0
DA:101,0
DA:103,0
DA:113,0
DA:114,0
DA:121,0
DA:135,0
DA:136,0
DA:138,0
DA:140,0
DA:146,0
DA:147,0
DA:154,0
DA:168,0
DA:169,0
DA:171,0
DA:176,0
DA:177,0
DA:184,0
DA:198,0
DA:199,0
DA:201,0
DA:211,0
DA:225,0
DA:226,0
DA:228,0
DA:236,0
DA:250,0
DA:251,0
DA:253,0
DA:261,0
DA:262,0
DA:269,0
DA:283,0
DA:284,0
DA:286,0
DA:297,0
DA:298,0
DA:305,0
DA:314,0
LF:57
LH:0
BRDA:40,0,0,0
BRDA:40,0,1,0
BRDA:76,1,0,0
BRDA:76,1,1,0
BRDA:113,2,0,0
BRDA:113,2,1,0
BRDA:146,3,0,0
BRDA:146,3,1,0
BRDA:176,4,0,0
BRDA:176,4,1,0
BRDA:205,5,0,0
BRDA:205,5,1,0
BRDA:261,6,0,0
BRDA:261,6,1,0
BRDA:297,7,0,0
BRDA:297,7,1,0
BRF:16
BRH:0
end_of_record
TN:
SF:src/controllers/spotController.js
FN:18,(anonymous_0)
FN:37,(anonymous_1)
FN:66,(anonymous_2)
FN:88,(anonymous_3)
FN:129,(anonymous_4)
FN:178,(anonymous_5)
FN:203,(anonymous_6)
FN:226,(anonymous_7)
FN:249,(anonymous_8)
FN:288,(anonymous_9)
FN:290,(anonymous_10)
FN:292,(anonymous_11)
FNF:12
FNH:0
FNDA:0,(anonymous_0)
FNDA:0,(anonymous_1)
FNDA:0,(anonymous_2)
FNDA:0,(anonymous_3)
FNDA:0,(anonymous_4)
FNDA:0,(anonymous_5)
FNDA:0,(anonymous_6)
FNDA:0,(anonymous_7)
FNDA:0,(anonymous_8)
FNDA:0,(anonymous_9)
FNDA:0,(anonymous_10)
FNDA:0,(anonymous_11)
DA:11,0
DA:12,0
DA:19,0
DA:38,0
DA:39,0
DA:40,0
DA:44,0
DA:49,0
DA:52,0
DA:60,0
DA:61,0
DA:66,0
DA:67,0
DA:71,0
DA:74,0
DA:75,0
DA:89,0
DA:90,0
DA:91,0
DA:93,0
DA:94,0
DA:103,0
DA:110,0
DA:111,0
DA:130,0
DA:131,0
DA:132,0
DA:134,0
DA:136,0
DA:137,0
DA:146,0
DA:154,0
DA:157,0
DA:158,0
DA:165,0
DA:179,0
DA:180,0
DA:182,0
DA:189,0
DA:190,0
DA:204,0
DA:206,0
DA:209,0
DA:212,0
DA:213,0
DA:227,0
DA:229,0
DA:232,0
DA:235,0
DA:236,0
DA:250,0
DA:251,0
DA:253,0
DA:254,0
DA:263,0
DA:266,0
DA:269,0
DA:272,0
DA:273,0
DA:289,0
DA:290,0
DA:292,0
DA:294,0
DA:295,0
DA:297,0
DA:300,0
DA:301,0
DA:302,0
DA:305,0
DA:306,0
DA:307,0
DA:310,0
DA:311,0
DA:313,0
DA:316,0
DA:317,0
DA:319,0
DA:323,0
DA:324,0
DA:325,0
DA:326,0
DA:327,0
DA:329,0
DA:330,0
DA:331,0
DA:332,0
DA:338,0
DA:342,0
LF:88
LH:0
BRDA:39,0,0,0
BRDA:39,0,1,0
BRDA:60,1,0,0
BRDA:60,1,1,0
BRDA:78,2,0,0
BRDA:78,2,1,0
BRDA:93,3,0,0
BRDA:93,3,1,0
BRDA:114,4,0,0
BRDA:114,4,1,0
BRDA:136,5,0,0
BRDA:136,5,1,0
BRDA:157,6,0,0
BRDA:157,6,1,0
BRDA:157,7,0,0
BRDA:157,7,1,0
BRDA:168,8,0,0
BRDA:168,8,1,0
BRDA:193,9,0,0
BRDA:193,9,1,0
BRDA:216,10,0,0
BRDA:216,10,1,0
BRDA:239,11,0,0
BRDA:239,11,1,0
BRDA:253,12,0,0
BRDA:253,12,1,0
BRDA:276,13,0,0
BRDA:276,13,1,0
BRDA:294,14,0,0
BRDA:294,14,1,0
BRDA:297,15,0,0
BRDA:297,15,1,0
BRDA:297,15,2,0
BRDA:297,15,3,0
BRDA:297,15,4,0
BRDA:297,15,5,0
BRDA:297,15,6,0
BRDA:297,15,7,0
BRDA:301,16,0,0
BRDA:301,16,1,0
BRDA:306,17,0,0
BRDA:306,17,1,0
BRDA:310,18,0,0
BRDA:310,18,1,0
BRDA:316,19,0,0
BRDA:316,19,1,0
BRDA:323,20,0,0
BRDA:323,20,1,0
BRDA:325,21,0,0
BRDA:325,21,1,0
BRDA:327,22,0,0
BRDA:327,22,1,0
BRDA:327,23,0,0
BRDA:327,23,1,0
BRDA:330,24,0,0
BRDA:330,24,1,0
BRF:56
BRH:0
end_of_record
TN:
SF:src/controllers/statsController.js
FN:14,(anonymous_0)
FN:22,(anonymous_1)
FN:54,(anonymous_2)
FN:111,(anonymous_3)
FN:144,(anonymous_4)
FN:177,(anonymous_5)
FN:200,(anonymous_6)
FN:235,(anonymous_7)
FN:287,(anonymous_8)
FN:342,(anonymous_9)
FN:398,(anonymous_10)
FNF:11
FNH:0
FNDA:0,(anonymous_0)
FNDA:0,(anonymous_1)
FNDA:0,(anonymous_2)
FNDA:0,(anonymous_3)
FNDA:0,(anonymous_4)
FNDA:0,(anonymous_5)
FNDA:0,(anonymous_6)
FNDA:0,(anonymous_7)
FNDA:0,(anonymous_8)
FNDA:0,(anonymous_9)
FNDA:0,(anonymous_10)
DA:11,0
DA:15,0
DA:23,0
DA:24,0
DA:26,0
DA:32,0
DA:34,0
DA:35,0
DA:42,0
DA:55,0
DA:56,0
DA:58,0
DA:59,0
DA:65,0
DA:66,0
DA:67,0
DA:73,0
DA:75,0
DA:81,0
DA:83,0
DA:84,0
DA:91,0
DA:92,0
DA:99,0
DA:112,0
DA:113,0
DA:115,0
DA:116,0
DA:117,0
DA:123,0
DA:125,0
DA:131,0
DA:132,0
DA:145,0
DA:146,0
DA:148,0
DA:149,0
DA:150,0
DA:156,0
DA:158,0
DA:164,0
DA:165,0
DA:178,0
DA:179,0
DA:181,0
DA:187,0
DA:188,0
DA:201,0
DA:202,0
DA:205,0
DA:216,0
DA:222,0
DA:223,0
DA:236,0
DA:238,0
DA:244,0
DA:268,0
DA:274,0
DA:275,0
DA:288,0
DA:289,0
DA:292,0
DA:294,0
DA:295,0
DA:297,0
DA:298,0
DA:300,0
DA:301,0
DA:303,0
DA:310,0
DA:317,0
DA:329,0
DA:330,0
DA:343,0
DA:344,0
DA:346,0
DA:347,0
DA:354,0
DA:356,0
DA:357,0
DA:359,0
DA:360,0
DA:362,0
DA:363,0
DA:365,0
DA:372,0
DA:373,0
DA:374,0
DA:376,0
DA:385,0
DA:386,0
DA:399,0
DA:400,0
DA:411,0
DA:412,0
DA:413,0
DA:415,0
DA:416,0
DA:417,0
DA:418,0
DA:421,0
DA:422,0
DA:428,0
DA:429,0
DA:441,0
LF:105
LH:0
BRDA:34,0,0,0
BRDA:34,0,1,0
BRDA:45,1,0,0
BRDA:45,1,1,0
BRDA:58,2,0,0
BRDA:58,2,1,0
BRDA:66,3,0,0
BRDA:66,3,1,0
BRDA:66,4,0,0
BRDA:66,4,1,0
BRDA:83,5,0,0
BRDA:83,5,1,0
BRDA:91,6,0,0
BRDA:91,6,1,0
BRDA:102,7,0,0
BRDA:102,7,1,0
BRDA:113,8,0,0
BRDA:116,9,0,0
BRDA:116,9,1,0
BRDA:116,10,0,0
BRDA:116,10,1,0
BRDA:116,10,2,0
BRDA:135,11,0,0
BRDA:135,11,1,0
BRDA:146,12,0,0
BRDA:149,13,0,0
BRDA:149,13,1,0
BRDA:149,14,0,0
BRDA:149,14,1,0
BRDA:149,14,2,0
BRDA:168,15,0,0
BRDA:168,15,1,0
BRDA:191,16,0,0
BRDA:191,16,1,0
BRDA:226,17,0,0
BRDA:226,17,1,0
BRDA:278,18,0,0
BRDA:278,18,1,0
BRDA:289,19,0,0
BRDA:292,20,0,0
BRDA:292,20,1,0
BRDA:292,20,2,0
BRDA:292,20,3,0
BRDA:333,21,0,0
BRDA:333,21,1,0
BRDA:344,22,0,0
BRDA:344,23,0,0
BRDA:346,24,0,0
BRDA:346,24,1,0
BRDA:354,25,0,0
BRDA:354,25,1,0
BRDA:354,25,2,0
BRDA:354,25,3,0
BRDA:389,26,0,0
BRDA:389,26,1,0
BRDA:417,27,0,0
BRDA:417,27,1,0
BRDA:421,28,0,0
BRDA:421,28,1,0
BRF:59
BRH:0
end_of_record
TN:
SF:src/controllers/vehicleController.js
FN:15,(anonymous_0)
FN:23,(anonymous_1)
FN:64,(anonymous_2)
FN:146,(anonymous_3)
FN:199,(anonymous_4)
FN:250,(anonymous_5)
FN:289,(anonymous_6)
FN:298,(anonymous_7)
FN:325,(anonymous_8)
FN:349,(anonymous_9)
FNF:10
FNH:0
FNDA:0,(anonymous_0)
FNDA:0,(anonymous_1)
FNDA:0,(anonymous_2)
FNDA:0,(anonymous_3)
FNDA:0,(anonymous_4)
FNDA:0,(anonymous_5)
FNDA:0,(anonymous_6)
FNDA:0,(anonymous_7)
FNDA:0,(anonymous_8)
FNDA:0,(anonymous_9)
DA:11,0
DA:12,0
DA:16,0
DA:24,0
DA:25,0
DA:27,0
DA:28,0
DA:34,0
DA:36,0
DA:37,0
DA:45,0
DA:51,0
DA:52,0
DA:65,0
DA:71,0
DA:73,0
DA:74,0
DA:81,0
DA:82,0
DA:83,0
DA:91,0
DA:98,0
DA:99,0
DA:105,0
DA:106,0
DA:112,0
DA:113,0
DA:119,0
DA:121,0
DA:133,0
DA:134,0
DA:147,0
DA:148,0
DA:149,0
DA:151,0
DA:152,0
DA:154,0
DA:155,0
DA:156,0
DA:157,0
DA:164,0
DA:165,0
DA:166,0
DA:167,0
DA:175,0
DA:177,0
DA:186,0
DA:187,0
DA:200,0
DA:201,0
DA:203,0
DA:204,0
DA:210,0
DA:211,0
DA:218,0
DA:219,0
DA:220,0
DA:226,0
DA:228,0
DA:237,0
DA:238,0
DA:251,0
DA:252,0
DA:253,0
DA:255,0
DA:256,0
DA:257,0
DA:258,0
DA:265,0
DA:266,0
DA:267,0
DA:268,0
DA:275,0
DA:276,0
DA:277,0
DA:278,0
DA:283,0
DA:286,0
DA:287,0
DA:288,0
DA:289,0
DA:291,0
DA:292,0
DA:298,0
DA:301,0
DA:303,0
DA:312,0
DA:313,0
DA:326,0
DA:327,0
DA:329,0
DA:336,0
DA:337,0
DA:350,0
DA:353,0
DA:364,0
DA:365,0
DA:374,0
LF:98
LH:0
BRDA:27,0,0,0
BRDA:27,0,1,0
BRDA:36,1,0,0
BRDA:36,1,1,0
BRDA:40,2,0,0
BRDA:40,2,1,0
BRDA:55,3,0,0
BRDA:55,3,1,0
BRDA:68,4,0,0
BRDA:69,5,0,0
BRDA:70,6,0,0
BRDA:73,7,0,0
BRDA:73,7,1,0
BRDA:82,8,0,0
BRDA:82,8,1,0
BRDA:98,9,0,0
BRDA:98,9,1,0
BRDA:98,10,0,0
BRDA:98,10,1,0
BRDA:105,11,0,0
BRDA:105,11,1,0
BRDA:105,12,0,0
BRDA:105,12,1,0
BRDA:112,13,0,0
BRDA:112,13,1,0
BRDA:137,14,0,0
BRDA:137,14,1,0
BRDA:151,15,0,0
BRDA:151,15,1,0
BRDA:154,16,0,0
BRDA:154,16,1,0
BRDA:156,17,0,0
BRDA:156,17,1,0
BRDA:164,18,0,0
BRDA:164,18,1,0
BRDA:166,19,0,0
BRDA:166,19,1,0
BRDA:190,20,0,0
BRDA:190,20,1,0
BRDA:201,21,0,0
BRDA:203,22,0,0
BRDA:203,22,1,0
BRDA:210,23,0,0
BRDA:210,23,1,0
BRDA:219,24,0,0
BRDA:219,24,1,0
BRDA:219,25,0,0
BRDA:219,25,1,0
BRDA:219,25,2,0
BRDA:241,26,0,0
BRDA:241,26,1,0
BRDA:255,27,0,0
BRDA:255,27,1,0
BRDA:257,28,0,0
BRDA:257,28,1,0
BRDA:265,29,0,0
BRDA:265,29,1,0
BRDA:267,30,0,0
BRDA:267,30,1,0
BRDA:275,31,0,0
BRDA:275,31,1,0
BRDA:277,32,0,0
BRDA:277,32,1,0
BRDA:286,33,0,0
BRDA:286,33,1,0
BRDA:287,34,0,0
BRDA:287,34,1,0
BRDA:291,35,0,0
BRDA:291,35,1,0
BRDA:316,36,0,0
BRDA:316,36,1,0
BRDA:340,37,0,0
BRDA:340,37,1,0
BRDA:368,38,0,0
BRDA:368,38,1,0
BRF:75
BRH:0
end_of_record
TN:
SF:src/middleware/errorHandler.js
FN:7,(anonymous_0)
FN:17,(anonymous_1)
FN:22,(anonymous_2)
FN:28,(anonymous_3)
FN:29,(anonymous_4)
FN:34,(anonymous_5)
FN:36,(anonymous_6)
FN:39,(anonymous_7)
FN:49,(anonymous_8)
FN:69,(anonymous_9)
FNF:10
FNH:0
FNDA:0,(anonymous_0)
FNDA:0,(anonymous_1)
FNDA:0,(anonymous_2)
FNDA:0,(anonymous_3)
FNDA:0,(anonymous_4)
FNDA:0,(anonymous_5)
FNDA:0,(anonymous_6)
FNDA:0,(anonymous_7)
FNDA:0,(anonymous_8)
FNDA:0,(anonymous_9)
DA:8,0
DA:9,0
DA:10,0
DA:11,0
DA:13,0
DA:17,0
DA:18,0
DA:19,0
DA:22,0
DA:23,0
DA:24,0
DA:25,0
DA:28,0
DA:29,0
DA:30,0
DA:31,0
DA:34,0
DA:36,0
DA:37,0
DA:39,0
DA:40,0
DA:49,0
DA:51,0
DA:52,0
DA:59,0
DA:61,0
DA:69,0
DA:70,0
DA:71,0
DA:73,0
DA:74,0
DA:76,0
DA:77,0
DA:79,0
DA:80,0
DA:82,0
DA:83,0
DA:85,0
DA:86,0
DA:88,0
DA:89,0
DA:91,0
DA:92,0
DA:94,0
DA:95,0
DA:98,0
DA:102,0
DA:103,0
LF:48
LH:0
BRDA:7,0,0,0
BRDA:7,1,0,0
BRDA:11,2,0,0
BRDA:11,2,1,0
BRDA:51,3,0,0
BRDA:51,3,1,0
BRDA:70,4,0,0
BRDA:70,4,1,0
BRDA:71,5,0,0
BRDA:71,5,1,0
BRDA:76,6,0,0
BRDA:76,6,1,0
BRDA:82,7,0,0
BRDA:82,7,1,0
BRDA:85,8,0,0
BRDA:85,8,1,0
BRDA:88,9,0,0
BRDA:88,9,1,0
BRDA:91,10,0,0
BRDA:91,10,1,0
BRDA:94,11,0,0
BRDA:94,11,1,0
BRF:22
BRH:0
end_of_record
TN:
SF:src/middleware/validation/checkinValidation.js
FN:17,(anonymous_0)
FN:50,(anonymous_1)
FN:72,(anonymous_2)
FN:91,(anonymous_3)
FN:108,(anonymous_4)
FNF:5
FNH:0
FNDA:0,(anonymous_0)
FNDA:0,(anonymous_1)
FNDA:0,(anonymous_2)
FNDA:0,(anonymous_3)
FNDA:0,(anonymous_4)
DA:11,0
DA:17,0
DA:18,0
DA:19,0
DA:22,0
DA:23,0
DA:24,0
DA:25,0
DA:26,0
DA:27,0
DA:30,0
DA:31,0
DA:33,0
DA:34,0
DA:35,0
DA:40,0
DA:41,0
DA:42,0
DA:43,0
DA:48,0
DA:49,0
DA:50,0
DA:52,0
DA:53,0
DA:56,0
DA:57,0
DA:65,0
DA:72,0
DA:73,0
DA:74,0
DA:77,0
DA:78,0
DA:81,0
DA:82,0
DA:85,0
DA:91,0
DA:92,0
DA:93,0
DA:102,0
DA:108,0
DA:109,0
DA:110,0
DA:117,0
DA:120,0
LF:44
LH:0
BRDA:22,0,0,0
BRDA:22,0,1,0
BRDA:24,1,0,0
BRDA:24,1,1,0
BRDA:26,2,0,0
BRDA:26,2,1,0
BRDA:30,3,0,0
BRDA:30,3,1,0
BRDA:34,4,0,0
BRDA:34,4,1,0
BRDA:40,5,0,0
BRDA:40,5,1,0
BRDA:42,6,0,0
BRDA:42,6,1,0
BRDA:52,7,0,0
BRDA:52,7,1,0
BRDA:56,8,0,0
BRDA:56,8,1,0
BRDA:73,9,0,0
BRDA:73,9,1,0
BRDA:73,10,0,0
BRDA:73,10,1,0
BRDA:77,11,0,0
BRDA:77,11,1,0
BRDA:77,12,0,0
BRDA:77,12,1,0
BRDA:81,13,0,0
BRDA:81,13,1,0
BRDA:81,14,0,0
BRDA:81,14,1,0
BRDA:92,15,0,0
BRDA:92,15,1,0
BRDA:92,16,0,0
BRDA:92,16,1,0
BRDA:109,17,0,0
BRDA:109,17,1,0
BRDA:109,18,0,0
BRDA:109,18,1,0
BRF:38
BRH:0
end_of_record
TN:
SF:src/middleware/validation/checkoutValidation.js
FN:17,(anonymous_0)
FN:54,(anonymous_1)
FN:82,(anonymous_2)
FN:107,(anonymous_3)
FN:129,(anonymous_4)
FN:145,(anonymous_5)
FN:174,(anonymous_6)
FN:239,(anonymous_7)
FN:271,(anonymous_8)
FNF:9
FNH:0
FNDA:0,(anonymous_0)
FNDA:0,(anonymous_1)
FNDA:0,(anonymous_2)
FNDA:0,(anonymous_3)
FNDA:0,(anonymous_4)
FNDA:0,(anonymous_5)
FNDA:0,(anonymous_6)
FNDA:0,(anonymous_7)
FNDA:0,(anonymous_8)
DA:11,0
DA:17,0
DA:18,0
DA:19,0
DA:22,0
DA:23,0
DA:24,0
DA:25,0
DA:26,0
DA:27,0
DA:31,0
DA:32,0
DA:35,0
DA:36,0
DA:40,0
DA:41,0
DA:42,0
DA:44,0
DA:45,0
DA:46,0
DA:52,0
DA:53,0
DA:54,0
DA:56,0
DA:57,0
DA:60,0
DA:61,0
DA:75,0
DA:82,0
DA:83,0
DA:84,0
DA:88,0
DA:89,0
DA:92,0
DA:93,0
DA:97,0
DA:98,0
DA:101,0
DA:107,0
DA:108,0
DA:109,0
DA:123,0
DA:129,0
DA:130,0
DA:131,0
DA:138,0
DA:145,0
DA:146,0
DA:147,0
DA:149,0
DA:150,0
DA:151,0
DA:152,0
DA:153,0
DA:154,0
DA:157,0
DA:158,0
DA:167,0
DA:168,0
DA:174,0
DA:175,0
DA:176,0
DA:179,0
DA:180,0
DA:181,0
DA:182,0
DA:184,0
DA:189,0
DA:190,0
DA:191,0
DA:192,0
DA:194,0
DA:199,0
DA:200,0
DA:201,0
DA:202,0
DA:204,0
DA:209,0
DA:210,0
DA:211,0
DA:212,0
DA:214,0
DA:218,0
DA:219,0
DA:233,0
DA:239,0
DA:240,0
DA:241,0
DA:244,0
DA:245,0
DA:246,0
DA:247,0
DA:248,0
DA:249,0
DA:253,0
DA:254,0
DA:255,0
DA:256,0
DA:257,0
DA:258,0
DA:262,0
DA:263,0
DA:264,0
DA:265,0
DA:269,0
DA:270,0
DA:271,0
DA:273,0
DA:274,0
DA:277,0
DA:278,0
DA:291,0
DA:294,0
LF:113
LH:0
BRDA:22,0,0,0
BRDA:22,0,1,0
BRDA:24,1,0,0
BRDA:24,1,1,0
BRDA:26,2,0,0
BRDA:26,2,1,0
BRDA:31,3,0,0
BRDA:31,3,1,0
BRDA:31,4,0,0
BRDA:31,4,1,0
BRDA:35,5,0,0
BRDA:35,5,1,0
BRDA:35,6,0,0
BRDA:35,6,1,0
BRDA:40,7,0,0
BRDA:40,7,1,0
BRDA:41,8,0,0
BRDA:41,8,1,0
BRDA:45,9,0,0
BRDA:45,9,1,0
BRDA:56,10,0,0
BRDA:56,10,1,0
BRDA:60,11,0,0
BRDA:60,11,1,0
BRDA:83,12,0,0
BRDA:83,12,1,0
BRDA:83,13,0,0
BRDA:83,13,1,0
BRDA:88,14,0,0
BRDA:88,14,1,0
BRDA:92,15,0,0
BRDA:92,15,1,0
BRDA:97,16,0,0
BRDA:97,16,1,0
BRDA:97,17,0,0
BRDA:97,17,1,0
BRDA:108,18,0,0
BRDA:108,18,1,0
BRDA:108,19,0,0
BRDA:108,19,1,0
BRDA:130,20,0,0
BRDA:130,20,1,0
BRDA:130,21,0,0
BRDA:130,21,1,0
BRDA:149,22,0,0
BRDA:149,22,1,0
BRDA:151,23,0,0
BRDA:151,23,1,0
BRDA:153,24,0,0
BRDA:153,24,1,0
BRDA:157,25,0,0
BRDA:157,25,1,0
BRDA:179,26,0,0
BRDA:179,26,1,0
BRDA:181,27,0,0
BRDA:181,27,1,0
BRDA:181,28,0,0
BRDA:181,28,1,0
BRDA:189,29,0,0
BRDA:189,29,1,0
BRDA:191,30,0,0
BRDA:191,30,1,0
BRDA:199,31,0,0
BRDA:199,31,1,0
BRDA:201,32,0,0
BRDA:201,32,1,0
BRDA:209,33,0,0
BRDA:209,33,1,0
BRDA:211,34,0,0
BRDA:211,34,1,0
BRDA:218,35,0,0
BRDA:218,35,1,0
BRDA:244,36,0,0
BRDA:244,36,1,0
BRDA:246,37,0,0
BRDA:246,37,1,0
BRDA:248,38,0,0
BRDA:248,38,1,0
BRDA:253,39,0,0
BRDA:253,39,1,0
BRDA:255,40,0,0
BRDA:255,40,1,0
BRDA:257,41,0,0
BRDA:257,41,1,0
BRDA:262,42,0,0
BRDA:262,42,1,0
BRDA:264,43,0,0
BRDA:264,43,1,0
BRDA:273,44,0,0
BRDA:273,44,1,0
BRDA:277,45,0,0
BRDA:277,45,1,0
BRF:92
BRH:0
end_of_record
TN:
SF:src/middleware/validation/garageValidation.js
FN:14,validateGarageInitialization
FN:29,(anonymous_1)
FN:42,(anonymous_2)
FN:43,(anonymous_3)
FN:49,(anonymous_4)
FN:68,validateRateUpdate
FN:74,(anonymous_6)
FN:81,(anonymous_7)
FN:91,(anonymous_8)
FN:109,validateGarageQuery
FN:139,validateGarageConfigUpdate
FN:146,(anonymous_11)
FN:172,requireGarageExists
FN:181,sanitizeGarageName
FNF:14
FNH:0
FNDA:0,validateGarageInitialization
FNDA:0,(anonymous_1)
FNDA:0,(anonymous_2)
FNDA:0,(anonymous_3)
FNDA:0,(anonymous_4)
FNDA:0,validateRateUpdate
FNDA:0,(anonymous_6)
FNDA:0,(anonymous_7)
FNDA:0,(anonymous_8)
FNDA:0,validateGarageQuery
FNDA:0,validateGarageConfigUpdate
FNDA:0,(anonymous_11)
FNDA:0,requireGarageExists
FNDA:0,sanitizeGarageName
DA:15,0
DA:16,0
DA:19,0
DA:20,0
DA:23,0
DA:24,0
DA:28,0
DA:29,0
DA:30,0
DA:31,0
DA:33,0
DA:34,0
DA:36,0
DA:37,0
DA:42,0
DA:43,0
DA:44,0
DA:45,0
DA:49,0
DA:50,0
DA:51,0
DA:55,0
DA:56,0
DA:62,0
DA:69,0
DA:70,0
DA:73,0
DA:74,0
DA:76,0
DA:77,0
DA:81,0
DA:82,0
DA:83,0
DA:84,0
DA:85,0
DA:91,0
DA:92,0
DA:93,0
DA:96,0
DA:97,0
DA:103,0
DA:110,0
DA:111,0
DA:114,0
DA:115,0
DA:118,0
DA:119,0
DA:122,0
DA:123,0
DA:130,0
DA:131,0
DA:133,0
DA:140,0
DA:141,0
DA:144,0
DA:145,0
DA:146,0
DA:148,0
DA:149,0
DA:153,0
DA:154,0
DA:155,0
DA:159,0
DA:160,0
DA:166,0
DA:175,0
DA:182,0
DA:183,0
DA:185,0
DA:188,0
LF:70
LH:0
BRDA:19,0,0,0
BRDA:19,0,1,0
BRDA:19,1,0,0
BRDA:19,1,1,0
BRDA:19,1,2,0
BRDA:23,2,0,0
BRDA:23,2,1,0
BRDA:23,3,0,0
BRDA:23,3,1,0
BRDA:28,4,0,0
BRDA:28,4,1,0
BRDA:30,5,0,0
BRDA:30,5,1,0
BRDA:30,6,0,0
BRDA:30,6,1,0
BRDA:33,7,0,0
BRDA:33,7,1,0
BRDA:33,8,0,0
BRDA:33,8,1,0
BRDA:33,8,2,0
BRDA:36,9,0,0
BRDA:36,9,1,0
BRDA:36,10,0,0
BRDA:36,10,1,0
BRDA:36,10,2,0
BRDA:44,11,0,0
BRDA:44,11,1,0
BRDA:50,12,0,0
BRDA:50,12,1,0
BRDA:55,13,0,0
BRDA:55,13,1,0
BRDA:76,14,0,0
BRDA:76,14,1,0
BRDA:82,15,0,0
BRDA:82,15,1,0
BRDA:84,16,0,0
BRDA:84,16,1,0
BRDA:84,17,0,0
BRDA:84,17,1,0
BRDA:84,17,2,0
BRDA:92,18,0,0
BRDA:92,18,1,0
BRDA:96,19,0,0
BRDA:96,19,1,0
BRDA:114,20,0,0
BRDA:114,20,1,0
BRDA:114,21,0,0
BRDA:114,21,1,0
BRDA:118,22,0,0
BRDA:118,22,1,0
BRDA:118,23,0,0
BRDA:118,23,1,0
BRDA:122,24,0,0
BRDA:122,24,1,0
BRDA:148,25,0,0
BRDA:148,25,1,0
BRDA:153,26,0,0
BRDA:153,26,1,0
BRDA:154,27,0,0
BRDA:154,27,1,0
BRDA:154,28,0,0
BRDA:154,28,1,0
BRDA:159,29,0,0
BRDA:159,29,1,0
BRDA:182,30,0,0
BRDA:182,30,1,0
BRDA:182,31,0,0
BRDA:182,31,1,0
BRF:68
BRH:0
end_of_record
TN:
SF:src/middleware/validation/spotValidation.js
FN:18,(anonymous_0)
FN:90,(anonymous_1)
FN:116,(anonymous_2)
FN:152,(anonymous_3)
FN:168,(anonymous_4)
FN:190,(anonymous_5)
FN:203,(anonymous_6)
FN:204,(anonymous_7)
FN:214,(anonymous_8)
FN:219,(anonymous_9)
FN:220,(anonymous_10)
FN:242,(anonymous_11)
FNF:12
FNH:0
FNDA:0,(anonymous_0)
FNDA:0,(anonymous_1)
FNDA:0,(anonymous_2)
FNDA:0,(anonymous_3)
FNDA:0,(anonymous_4)
FNDA:0,(anonymous_5)
FNDA:0,(anonymous_6)
FNDA:0,(anonymous_7)
FNDA:0,(anonymous_8)
FNDA:0,(anonymous_9)
FNDA:0,(anonymous_10)
FNDA:0,(anonymous_11)
DA:11,0
DA:12,0
DA:18,0
DA:19,0
DA:21,0
DA:24,0
DA:27,0
DA:30,0
DA:32,0
DA:33,0
DA:34,0
DA:35,0
DA:39,0
DA:40,0
DA:41,0
DA:42,0
DA:46,0
DA:47,0
DA:48,0
DA:49,0
DA:51,0
DA:55,0
DA:56,0
DA:57,0
DA:58,0
DA:60,0
DA:64,0
DA:65,0
DA:74,0
DA:75,0
DA:78,0
DA:90,0
DA:91,0
DA:93,0
DA:94,0
DA:101,0
DA:102,0
DA:110,0
DA:116,0
DA:117,0
DA:118,0
DA:121,0
DA:122,0
DA:131,0
DA:132,0
DA:133,0
DA:134,0
DA:139,0
DA:140,0
DA:141,0
DA:142,0
DA:147,0
DA:148,0
DA:149,0
DA:151,0
DA:152,0
DA:153,0
DA:154,0
DA:158,0
DA:159,0
DA:160,0
DA:166,0
DA:167,0
DA:168,0
DA:170,0
DA:171,0
DA:174,0
DA:175,0
DA:183,0
DA:190,0
DA:191,0
DA:193,0
DA:194,0
DA:197,0
DA:198,0
DA:201,0
DA:202,0
DA:203,0
DA:204,0
DA:207,0
DA:208,0
DA:214,0
DA:215,0
DA:217,0
DA:218,0
DA:219,0
DA:220,0
DA:222,0
DA:223,0
DA:231,0
DA:233,0
DA:236,0
DA:242,0
DA:243,0
DA:245,0
DA:246,0
DA:247,0
DA:248,0
DA:256,0
DA:259,0
DA:260,0
DA:261,0
DA:262,0
DA:270,0
DA:272,0
DA:275,0
DA:278,0
LF:107
LH:0
BRDA:32,0,0,0
BRDA:32,0,1,0
BRDA:34,1,0,0
BRDA:34,1,1,0
BRDA:39,2,0,0
BRDA:39,2,1,0
BRDA:41,3,0,0
BRDA:41,3,1,0
BRDA:46,4,0,0
BRDA:46,4,1,0
BRDA:48,5,0,0
BRDA:48,5,1,0
BRDA:48,6,0,0
BRDA:48,6,1,0
BRDA:55,7,0,0
BRDA:55,7,1,0
BRDA:57,8,0,0
BRDA:57,8,1,0
BRDA:57,9,0,0
BRDA:57,9,1,0
BRDA:64,10,0,0
BRDA:64,10,1,0
BRDA:81,11,0,0
BRDA:81,11,1,0
BRDA:93,12,0,0
BRDA:93,12,1,0
BRDA:101,13,0,0
BRDA:101,13,1,0
BRDA:121,14,0,0
BRDA:121,14,1,0
BRDA:121,15,0,0
BRDA:121,15,1,0
BRDA:121,15,2,0
BRDA:131,16,0,0
BRDA:131,16,1,0
BRDA:133,17,0,0
BRDA:133,17,1,0
BRDA:139,18,0,0
BRDA:139,18,1,0
BRDA:141,19,0,0
BRDA:141,19,1,0
BRDA:147,20,0,0
BRDA:147,20,1,0
BRDA:148,21,0,0
BRDA:148,21,1,0
BRDA:153,22,0,0
BRDA:153,22,1,0
BRDA:159,23,0,0
BRDA:159,23,1,0
BRDA:170,24,0,0
BRDA:170,24,1,0
BRDA:174,25,0,0
BRDA:174,25,1,0
BRDA:193,26,0,0
BRDA:193,26,1,0
BRDA:193,27,0,0
BRDA:193,27,1,0
BRDA:197,28,0,0
BRDA:197,28,1,0
BRDA:197,29,0,0
BRDA:197,29,1,0
BRDA:201,30,0,0
BRDA:201,30,1,0
BRDA:201,31,0,0
BRDA:201,31,1,0
BRDA:203,32,0,0
BRDA:203,32,1,0
BRDA:217,33,0,0
BRDA:217,33,1,0
BRDA:222,34,0,0
BRDA:222,34,1,0
BRDA:245,35,0,0
BRDA:245,35,1,0
BRDA:247,36,0,0
BRDA:247,36,1,0
BRDA:259,37,0,0
BRDA:259,37,1,0
BRDA:261,38,0,0
BRDA:261,38,1,0
BRF:79
BRH:0
end_of_record
TN:
SF:src/models/garage.js
FN:25,(anonymous_0)
FN:33,(anonymous_1)
FN:49,(anonymous_2)
FN:73,(anonymous_3)
FN:82,(anonymous_4)
FN:83,(anonymous_5)
FN:90,(anonymous_6)
FN:91,(anonymous_7)
FN:101,(anonymous_8)
FN:112,(anonymous_9)
FN:129,(anonymous_10)
FN:149,(anonymous_11)
FN:167,(anonymous_12)
FN:176,(anonymous_13)
FN:177,(anonymous_14)
FN:195,(anonymous_15)
FN:201,(anonymous_16)
FN:215,(anonymous_17)
FN:224,(anonymous_18)
FN:232,(anonymous_19)
FN:235,(anonymous_20)
FN:247,(anonymous_21)
FN:256,(anonymous_22)
FNF:23
FNH:0
FNDA:0,(anonymous_0)
FNDA:0,(anonymous_1)
FNDA:0,(anonymous_2)
FNDA:0,(anonymous_3)
FNDA:0,(anonymous_4)
FNDA:0,(anonymous_5)
FNDA:0,(anonymous_6)
FNDA:0,(anonymous_7)
FNDA:0,(anonymous_8)
FNDA:0,(anonymous_9)
FNDA:0,(anonymous_10)
FNDA:0,(anonymous_11)
FNDA:0,(anonymous_12)
FNDA:0,(anonymous_13)
FNDA:0,(anonymous_14)
FNDA:0,(anonymous_15)
FNDA:0,(anonymous_16)
FNDA:0,(anonymous_17)
FNDA:0,(anonymous_18)
FNDA:0,(anonymous_19)
FNDA:0,(anonymous_20)
FNDA:0,(anonymous_21)
FNDA:0,(anonymous_22)
DA:11,0
DA:27,0
DA:28,0
DA:29,0
DA:32,0
DA:33,0
DA:38,0
DA:39,0
DA:40,0
DA:41,0
DA:50,0
DA:74,0
DA:83,0
DA:91,0
DA:92,0
DA:102,0
DA:103,0
DA:113,0
DA:116,0
DA:117,0
DA:120,0
DA:130,0
DA:131,0
DA:134,0
DA:135,0
DA:138,0
DA:139,0
DA:150,0
DA:151,0
DA:154,0
DA:155,0
DA:158,0
DA:159,0
DA:162,0
DA:163,0
DA:166,0
DA:167,0
DA:168,0
DA:177,0
DA:179,0
DA:180,0
DA:183,0
DA:184,0
DA:187,0
DA:188,0
DA:196,0
DA:201,0
DA:216,0
DA:225,0
DA:233,0
DA:235,0
DA:248,0
DA:257,0
DA:258,0
DA:259,0
DA:260,0
DA:264,0
LF:57
LH:0
BRDA:28,0,0,0
BRDA:28,0,1,0
BRDA:49,1,0,0
BRDA:83,2,0,0
BRDA:83,2,1,0
BRDA:103,3,0,0
BRDA:103,3,1,0
BRDA:112,4,0,0
BRDA:113,5,0,0
BRDA:113,5,1,0
BRDA:116,6,0,0
BRDA:116,6,1,0
BRDA:130,7,0,0
BRDA:130,7,1,0
BRDA:134,8,0,0
BRDA:134,8,1,0
BRDA:134,9,0,0
BRDA:134,9,1,0
BRDA:150,10,0,0
BRDA:150,10,1,0
BRDA:154,11,0,0
BRDA:154,11,1,0
BRDA:154,12,0,0
BRDA:154,12,1,0
BRDA:158,13,0,0
BRDA:158,13,1,0
BRDA:158,14,0,0
BRDA:158,14,1,0
BRDA:162,15,0,0
BRDA:162,15,1,0
BRDA:162,16,0,0
BRDA:162,16,1,0
BRDA:179,17,0,0
BRDA:179,17,1,0
BRDA:183,18,0,0
BRDA:183,18,1,0
BRDA:225,19,0,0
BRDA:225,19,1,0
BRDA:258,20,0,0
BRDA:258,20,1,0
BRDA:259,21,0,0
BRDA:259,21,1,0
BRF:42
BRH:0
end_of_record
TN:
SF:src/models/spot.js
FN:29,(anonymous_0)
FN:57,(anonymous_1)
FN:76,(anonymous_2)
FN:84,(anonymous_3)
FN:93,(anonymous_4)
FN:107,(anonymous_5)
FN:122,(anonymous_6)
FN:131,(anonymous_7)
FN:151,(anonymous_8)
FN:166,(anonymous_9)
FN:185,(anonymous_10)
FN:194,(anonymous_11)
FNF:12
FNH:0
FNDA:0,(anonymous_0)
FNDA:0,(anonymous_1)
FNDA:0,(anonymous_2)
FNDA:0,(anonymous_3)
FNDA:0,(anonymous_4)
FNDA:0,(anonymous_5)
FNDA:0,(anonymous_6)
FNDA:0,(anonymous_7)
FNDA:0,(anonymous_8)
FNDA:0,(anonymous_9)
FNDA:0,(anonymous_10)
FNDA:0,(anonymous_11)
DA:11,0
DA:31,0
DA:32,0
DA:33,0
DA:36,0
DA:37,0
DA:38,0
DA:39,0
DA:40,0
DA:41,0
DA:42,0
DA:43,0
DA:44,0
DA:45,0
DA:58,0
DA:60,0
DA:77,0
DA:85,0
DA:94,0
DA:95,0
DA:98,0
DA:99,0
DA:100,0
DA:108,0
DA:109,0
DA:112,0
DA:113,0
DA:114,0
DA:123,0
DA:132,0
DA:134,0
DA:135,0
DA:138,0
DA:139,0
DA:142,0
DA:143,0
DA:152,0
DA:154,0
DA:155,0
DA:158,0
DA:159,0
DA:167,0
DA:186,0
DA:195,0
DA:196,0
DA:197,0
DA:198,0
DA:202,0
LF:48
LH:0
BRDA:32,0,0,0
BRDA:32,0,1,0
BRDA:57,1,0,0
BRDA:57,2,0,0
BRDA:94,3,0,0
BRDA:94,3,1,0
BRDA:108,4,0,0
BRDA:108,4,1,0
BRDA:134,5,0,0
BRDA:134,5,1,0
BRDA:138,6,0,0
BRDA:138,6,1,0
BRDA:154,7,0,0
BRDA:154,7,1,0
BRDA:196,8,0,0
BRDA:196,8,1,0
BRDA:197,9,0,0
BRDA:197,9,1,0
BRF:18
BRH:0
end_of_record
TN:
SF:src/models/vehicle.js
FN:26,(anonymous_0)
FN:53,(anonymous_1)
FN:72,(anonymous_2)
FN:86,(anonymous_3)
FN:94,(anonymous_4)
FN:106,(anonymous_5)
FN:116,(anonymous_6)
FN:144,(anonymous_7)
FN:161,(anonymous_8)
FN:177,(anonymous_9)
FN:195,(anonymous_10)
FN:214,(anonymous_11)
FN:223,(anonymous_12)
FNF:13
FNH:0
FNDA:0,(anonymous_0)
FNDA:0,(anonymous_1)
FNDA:0,(anonymous_2)
FNDA:0,(anonymous_3)
FNDA:0,(anonymous_4)
FNDA:0,(anonymous_5)
FNDA:0,(anonymous_6)
FNDA:0,(anonymous_7)
FNDA:0,(anonymous_8)
FNDA:0,(anonymous_9)
FNDA:0,(anonymous_10)
FNDA:0,(anonymous_11)
FNDA:0,(anonymous_12)
DA:11,0
DA:28,0
DA:29,0
DA:30,0
DA:33,0
DA:34,0
DA:35,0
DA:36,0
DA:37,0
DA:38,0
DA:39,0
DA:40,0
DA:41,0
DA:42,0
DA:54,0
DA:55,0
DA:58,0
DA:73,0
DA:74,0
DA:77,0
DA:78,0
DA:79,0
DA:87,0
DA:95,0
DA:96,0
DA:99,0
DA:107,0
DA:108,0
DA:117,0
DA:118,0
DA:121,0
DA:124,0
DA:125,0
DA:128,0
DA:129,0
DA:130,0
DA:133,0
DA:136,0
DA:145,0
DA:146,0
DA:149,0
DA:150,0
DA:153,0
DA:154,0
DA:162,0
DA:163,0
DA:166,0
DA:167,0
DA:170,0
DA:178,0
DA:196,0
DA:215,0
DA:224,0
DA:225,0
DA:226,0
DA:227,0
DA:228,0
DA:229,0
DA:230,0
DA:234,0
LF:60
LH:0
BRDA:29,0,0,0
BRDA:29,0,1,0
BRDA:53,1,0,0
BRDA:53,2,0,0
BRDA:54,3,0,0
BRDA:54,3,1,0
BRDA:72,4,0,0
BRDA:73,5,0,0
BRDA:73,5,1,0
BRDA:95,6,0,0
BRDA:95,6,1,0
BRDA:116,7,0,0
BRDA:121,8,0,0
BRDA:121,8,1,0
BRDA:121,8,2,0
BRDA:145,9,0,0
BRDA:145,9,1,0
BRDA:149,10,0,0
BRDA:149,10,1,0
BRDA:162,11,0,0
BRDA:162,11,1,0
BRDA:166,12,0,0
BRDA:166,12,1,0
BRDA:225,13,0,0
BRDA:225,13,1,0
BRDA:226,14,0,0
BRDA:226,14,1,0
BRDA:227,15,0,0
BRDA:227,15,1,0
BRDA:228,16,0,0
BRDA:228,16,1,0
BRDA:229,17,0,0
BRDA:229,17,1,0
BRF:33
BRH:0
end_of_record
TN:
SF:src/repositories/garageRepository.js
FN:18,(anonymous_0)
FN:30,(anonymous_1)
FN:46,(anonymous_2)
FN:57,(anonymous_3)
FN:65,(anonymous_4)
FN:73,(anonymous_5)
FN:81,(anonymous_6)
FN:92,(anonymous_7)
FN:100,(anonymous_8)
FN:107,(anonymous_9)
FN:109,(anonymous_10)
FN:131,(anonymous_11)
FN:148,(anonymous_12)
FN:166,(anonymous_13)
FN:183,(anonymous_14)
FN:199,(anonymous_15)
FN:213,(anonymous_16)
FN:228,(anonymous_17)
FN:242,(anonymous_18)
FN:257,(anonymous_19)
FN:272,(anonymous_20)
FN:287,(anonymous_21)
FN:305,(anonymous_22)
FN:313,(anonymous_23)
FN:324,(anonymous_24)
FN:344,(anonymous_25)
FN:353,(anonymous_26)
FNF:27
FNH:0
FNDA:0,(anonymous_0)
FNDA:0,(anonymous_1)
FNDA:0,(anonymous_2)
FNDA:0,(anonymous_3)
FNDA:0,(anonymous_4)
FNDA:0,(anonymous_5)
FNDA:0,(anonymous_6)
FNDA:0,(anonymous_7)
FNDA:0,(anonymous_8)
FNDA:0,(anonymous_9)
FNDA:0,(anonymous_10)
FNDA:0,(anonymous_11)
FNDA:0,(anonymous_12)
FNDA:0,(anonymous_13)
FNDA:0,(anonymous_14)
FNDA:0,(anonymous_15)
FNDA:0,(anonymous_16)
FNDA:0,(anonymous_17)
FNDA:0,(anonymous_18)
FNDA:0,(anonymous_19)
FNDA:0,(anonymous_20)
FNDA:0,(anonymous_21)
FNDA:0,(anonymous_22)
FNDA:0,(anonymous_23)
FNDA:0,(anonymous_24)
FNDA:0,(anonymous_25)
FNDA:0,(anonymous_26)
DA:11,0
DA:12,0
DA:19,0
DA:20,0
DA:31,0
DA:33,0
DA:34,0
DA:37,0
DA:38,0
DA:47,0
DA:48,0
DA:49,0
DA:58,0
DA:66,0
DA:74,0
DA:82,0
DA:93,0
DA:94,0
DA:95,0
DA:99,0
DA:100,0
DA:102,0
DA:103,0
DA:107,0
DA:108,0
DA:109,0
DA:110,0
DA:111,0
DA:112,0
DA:113,0
DA:115,0
DA:119,0
DA:120,0
DA:132,0
DA:133,0
DA:134,0
DA:137,0
DA:138,0
DA:149,0
DA:150,0
DA:151,0
DA:154,0
DA:167,0
DA:168,0
DA:169,0
DA:172,0
DA:173,0
DA:184,0
DA:185,0
DA:186,0
DA:189,0
DA:190,0
DA:200,0
DA:201,0
DA:202,0
DA:205,0
DA:214,0
DA:215,0
DA:216,0
DA:219,0
DA:229,0
DA:230,0
DA:231,0
DA:234,0
DA:243,0
DA:244,0
DA:245,0
DA:248,0
DA:258,0
DA:259,0
DA:260,0
DA:263,0
DA:273,0
DA:274,0
DA:275,0
DA:278,0
DA:288,0
DA:289,0
DA:292,0
DA:293,0
DA:296,0
DA:297,0
DA:306,0
DA:314,0
DA:325,0
DA:326,0
DA:327,0
DA:330,0
DA:331,0
DA:334,0
DA:335,0
DA:337,0
DA:338,0
DA:345,0
DA:354,0
DA:356,0
DA:357,0
DA:360,0
DA:364,0
LF:99
LH:0
BRDA:30,0,0,0
BRDA:33,1,0,0
BRDA:33,1,1,0
BRDA:46,2,0,0
BRDA:57,3,0,0
BRDA:58,4,0,0
BRDA:58,4,1,0
BRDA:94,5,0,0
BRDA:94,5,1,0
BRDA:102,6,0,0
BRDA:102,6,1,0
BRDA:108,7,0,0
BRDA:108,7,1,0
BRDA:110,8,0,0
BRDA:110,8,1,0
BRDA:112,9,0,0
BRDA:112,9,1,0
BRDA:131,10,0,0
BRDA:133,11,0,0
BRDA:133,11,1,0
BRDA:148,12,0,0
BRDA:148,13,0,0
BRDA:150,14,0,0
BRDA:150,14,1,0
BRDA:166,15,0,0
BRDA:168,16,0,0
BRDA:168,16,1,0
BRDA:183,17,0,0
BRDA:185,18,0,0
BRDA:185,18,1,0
BRDA:199,19,0,0
BRDA:201,20,0,0
BRDA:201,20,1,0
BRDA:213,21,0,0
BRDA:215,22,0,0
BRDA:215,22,1,0
BRDA:228,23,0,0
BRDA:230,24,0,0
BRDA:230,24,1,0
BRDA:242,25,0,0
BRDA:244,26,0,0
BRDA:244,26,1,0
BRDA:257,27,0,0
BRDA:259,28,0,0
BRDA:259,28,1,0
BRDA:272,29,0,0
BRDA:274,30,0,0
BRDA:274,30,1,0
BRDA:288,31,0,0
BRDA:288,31,1,0
BRDA:292,32,0,0
BRDA:292,32,1,0
BRDA:292,33,0,0
BRDA:292,33,1,0
BRDA:326,34,0,0
BRDA:326,34,1,0
BRDA:330,35,0,0
BRDA:330,35,1,0
BRDA:353,36,0,0
BRDA:356,37,0,0
BRDA:356,37,1,0
BRF:61
BRH:0
end_of_record
TN:
SF:src/repositories/spotRepository.js
FN:19,(anonymous_0)
FN:29,(anonymous_1)
FN:57,(anonymous_2)
FN:67,(anonymous_3)
FN:75,(anonymous_4)
FN:84,(anonymous_5)
FN:85,(anonymous_6)
FN:92,(anonymous_7)
FN:100,(anonymous_8)
FN:109,(anonymous_9)
FN:110,(anonymous_10)
FN:118,(anonymous_11)
FN:119,(anonymous_12)
FN:128,(anonymous_13)
FN:137,(anonymous_14)
FN:138,(anonymous_15)
FN:146,(anonymous_16)
FN:147,(anonymous_17)
FN:155,(anonymous_18)
FN:156,(anonymous_19)
FN:166,(anonymous_20)
FN:174,(anonymous_21)
FN:181,(anonymous_22)
FN:208,(anonymous_23)
FN:225,(anonymous_24)
FN:242,(anonymous_25)
FN:276,(anonymous_26)
FN:284,(anonymous_27)
FN:293,(anonymous_28)
FN:301,(anonymous_29)
FN:323,(anonymous_30)
FN:339,(anonymous_31)
FNF:32
FNH:0
FNDA:0,(anonymous_0)
FNDA:0,(anonymous_1)
FNDA:0,(anonymous_2)
FNDA:0,(anonymous_3)
FNDA:0,(anonymous_4)
FNDA:0,(anonymous_5)
FNDA:0,(anonymous_6)
FNDA:0,(anonymous_7)
FNDA:0,(anonymous_8)
FNDA:0,(anonymous_9)
FNDA:0,(anonymous_10)
FNDA:0,(anonymous_11)
FNDA:0,(anonymous_12)
FNDA:0,(anonymous_13)
FNDA:0,(anonymous_14)
FNDA:0,(anonymous_15)
FNDA:0,(anonymous_16)
FNDA:0,(anonymous_17)
FNDA:0,(anonymous_18)
FNDA:0,(anonymous_19)
FNDA:0,(anonymous_20)
FNDA:0,(anonymous_21)
FNDA:0,(anonymous_22)
FNDA:0,(anonymous_23)
FNDA:0,(anonymous_24)
FNDA:0,(anonymous_25)
FNDA:0,(anonymous_26)
FNDA:0,(anonymous_27)
FNDA:0,(anonymous_28)
FNDA:0,(anonymous_29)
FNDA:0,(anonymous_30)
FNDA:0,(anonymous_31)
DA:11,0
DA:12,0
DA:13,0
DA:20,0
DA:30,0
DA:32,0
DA:33,0
DA:36,0
DA:39,0
DA:40,0
DA:41,0
DA:43,0
DA:45,0
DA:58,0
DA:59,0
DA:68,0
DA:76,0
DA:85,0
DA:93,0
DA:101,0
DA:110,0
DA:119,0
DA:129,0
DA:130,0
DA:132,0
DA:133,0
DA:136,0
DA:137,0
DA:138,0
DA:147,0
DA:156,0
DA:167,0
DA:168,0
DA:169,0
DA:173,0
DA:174,0
DA:176,0
DA:177,0
DA:181,0
DA:182,0
DA:183,0
DA:185,0
DA:189,0
DA:192,0
DA:193,0
DA:194,0
DA:195,0
DA:198,0
DA:209,0
DA:210,0
DA:211,0
DA:214,0
DA:215,0
DA:216,0
DA:226,0
DA:227,0
DA:228,0
DA:231,0
DA:232,0
DA:233,0
DA:243,0
DA:244,0
DA:245,0
DA:248,0
DA:249,0
DA:253,0
DA:256,0
DA:257,0
DA:258,0
DA:259,0
DA:260,0
DA:261,0
DA:266,0
DA:268,0
DA:277,0
DA:285,0
DA:294,0
DA:302,0
DA:303,0
DA:304,0
DA:305,0
DA:307,0
DA:324,0
DA:326,0
DA:327,0
DA:328,0
DA:329,0
DA:333,0
DA:340,0
DA:341,0
DA:342,0
DA:346,0
LF:92
LH:0
BRDA:32,0,0,0
BRDA:32,0,1,0
BRDA:40,1,0,0
BRDA:40,1,1,0
BRDA:57,2,0,0
BRDA:57,3,0,0
BRDA:68,4,0,0
BRDA:68,4,1,0
BRDA:132,5,0,0
BRDA:132,5,1,0
BRDA:156,6,0,0
BRDA:156,6,1,0
BRDA:168,7,0,0
BRDA:168,7,1,0
BRDA:176,8,0,0
BRDA:176,8,1,0
BRDA:182,9,0,0
BRDA:182,9,1,0
BRDA:192,10,0,0
BRDA:192,10,1,0
BRDA:192,11,0,0
BRDA:192,11,1,0
BRDA:194,12,0,0
BRDA:194,12,1,0
BRDA:194,13,0,0
BRDA:194,13,1,0
BRDA:210,14,0,0
BRDA:210,14,1,0
BRDA:227,15,0,0
BRDA:227,15,1,0
BRDA:244,16,0,0
BRDA:244,16,1,0
BRDA:248,17,0,0
BRDA:248,17,1,0
BRDA:258,18,0,0
BRDA:258,18,1,0
BRDA:260,19,0,0
BRDA:260,19,1,0
BRDA:305,20,0,0
BRDA:305,20,1,0
BRDA:323,21,0,0
BRF:41
BRH:0
end_of_record
TN:
SF:src/repositories/vehicleRepository.js
FN:18,(anonymous_0)
FN:28,(anonymous_1)
FN:47,(anonymous_2)
FN:63,(anonymous_3)
FN:71,(anonymous_4)
FN:80,(anonymous_5)
FN:81,(anonymous_6)
FN:89,(anonymous_7)
FN:90,(anonymous_8)
FN:100,(anonymous_9)
FN:101,(anonymous_10)
FN:108,(anonymous_11)
FN:116,(anonymous_12)
FN:124,(anonymous_13)
FN:133,(anonymous_14)
FN:134,(anonymous_15)
FN:142,(anonymous_16)
FN:143,(anonymous_17)
FN:152,(anonymous_18)
FN:153,(anonymous_19)
FN:166,(anonymous_20)
FN:174,(anonymous_21)
FN:181,(anonymous_22)
FN:196,(anonymous_23)
FN:213,(anonymous_24)
FN:229,(anonymous_25)
FN:248,(anonymous_26)
FN:256,(anonymous_27)
FN:265,(anonymous_28)
FN:273,(anonymous_29)
FN:292,(anonymous_30)
FN:295,(anonymous_31)
FN:296,(anonymous_32)
FN:299,(anonymous_33)
FN:300,(anonymous_34)
FN:302,(anonymous_35)
FN:319,(anonymous_36)
FN:323,(anonymous_37)
FN:332,(anonymous_38)
FNF:39
FNH:0
FNDA:0,(anonymous_0)
FNDA:0,(anonymous_1)
FNDA:0,(anonymous_2)
FNDA:0,(anonymous_3)
FNDA:0,(anonymous_4)
FNDA:0,(anonymous_5)
FNDA:0,(anonymous_6)
FNDA:0,(anonymous_7)
FNDA:0,(anonymous_8)
FNDA:0,(anonymous_9)
FNDA:0,(anonymous_10)
FNDA:0,(anonymous_11)
FNDA:0,(anonymous_12)
FNDA:0,(anonymous_13)
FNDA:0,(anonymous_14)
FNDA:0,(anonymous_15)
FNDA:0,(anonymous_16)
FNDA:0,(anonymous_17)
FNDA:0,(anonymous_18)
FNDA:0,(anonymous_19)
FNDA:0,(anonymous_20)
FNDA:0,(anonymous_21)
FNDA:0,(anonymous_22)
FNDA:0,(anonymous_23)
FNDA:0,(anonymous_24)
FNDA:0,(anonymous_25)
FNDA:0,(anonymous_26)
FNDA:0,(anonymous_27)
FNDA:0,(anonymous_28)
FNDA:0,(anonymous_29)
FNDA:0,(anonymous_30)
FNDA:0,(anonymous_31)
FNDA:0,(anonymous_32)
FNDA:0,(anonymous_33)
FNDA:0,(anonymous_34)
FNDA:0,(anonymous_35)
FNDA:0,(anonymous_36)
FNDA:0,(anonymous_37)
FNDA:0,(anonymous_38)
DA:11,0
DA:12,0
DA:19,0
DA:29,0
DA:31,0
DA:32,0
DA:35,0
DA:36,0
DA:48,0
DA:50,0
DA:51,0
DA:54,0
DA:55,0
DA:64,0
DA:72,0
DA:81,0
DA:90,0
DA:91,0
DA:101,0
DA:109,0
DA:117,0
DA:125,0
DA:134,0
DA:143,0
DA:153,0
DA:154,0
DA:155,0
DA:167,0
DA:168,0
DA:169,0
DA:173,0
DA:174,0
DA:176,0
DA:177,0
DA:181,0
DA:182,0
DA:185,0
DA:186,0
DA:197,0
DA:198,0
DA:199,0
DA:202,0
DA:203,0
DA:214,0
DA:215,0
DA:216,0
DA:219,0
DA:220,0
DA:230,0
DA:231,0
DA:232,0
DA:235,0
DA:236,0
DA:239,0
DA:240,0
DA:249,0
DA:257,0
DA:266,0
DA:274,0
DA:275,0
DA:276,0
DA:277,0
DA:279,0
DA:293,0
DA:294,0
DA:295,0
DA:296,0
DA:298,0
DA:299,0
DA:300,0
DA:302,0
DA:304,0
DA:320,0
DA:321,0
DA:323,0
DA:324,0
DA:325,0
DA:333,0
DA:337,0
LF:79
LH:0
BRDA:31,0,0,0
BRDA:31,0,1,0
BRDA:47,1,0,0
BRDA:47,2,0,0
BRDA:50,3,0,0
BRDA:50,3,1,0
BRDA:64,4,0,0
BRDA:64,4,1,0
BRDA:90,5,0,0
BRDA:90,5,1,0
BRDA:91,6,0,0
BRDA:91,6,1,0
BRDA:155,7,0,0
BRDA:155,7,1,0
BRDA:168,8,0,0
BRDA:168,8,1,0
BRDA:176,9,0,0
BRDA:176,9,1,0
BRDA:196,10,0,0
BRDA:198,11,0,0
BRDA:198,11,1,0
BRDA:215,12,0,0
BRDA:215,12,1,0
BRDA:231,13,0,0
BRDA:231,13,1,0
BRDA:235,14,0,0
BRDA:235,14,1,0
BRDA:299,15,0,0
BRDA:299,15,1,0
BRDA:308,16,0,0
BRDA:308,16,1,0
BRDA:319,17,0,0
BRF:32
BRH:0
end_of_record
TN:
SF:src/routes/checkin.js
FN:35,(anonymous_0)
FN:49,(anonymous_1)
FN:59,(anonymous_2)
FN:70,(anonymous_3)
FN:80,(anonymous_4)
FN:90,(anonymous_5)
FN:96,(anonymous_6)
FNF:7
FNH:0
FNDA:0,(anonymous_0)
FNDA:0,(anonymous_1)
FNDA:0,(anonymous_2)
FNDA:0,(anonymous_3)
FNDA:0,(anonymous_4)
FNDA:0,(anonymous_5)
FNDA:0,(anonymous_6)
DA:11,0
DA:12,0
DA:13,0
DA:19,0
DA:21,0
DA:30,0
DA:35,0
DA:45,0
DA:49,0
DA:58,0
DA:59,0
DA:69,0
DA:70,0
DA:79,0
DA:80,0
DA:89,0
DA:90,0
DA:96,0
DA:97,0
DA:112,0
LF:20
LH:0
BRF:0
BRH:0
end_of_record
TN:
SF:src/routes/checkout.js
FN:38,(anonymous_0)
FN:52,(anonymous_1)
FN:62,(anonymous_2)
FN:74,(anonymous_3)
FN:86,(anonymous_4)
FN:101,(anonymous_5)
FN:111,(anonymous_6)
FN:117,(anonymous_7)
FNF:8
FNH:0
FNDA:0,(anonymous_0)
FNDA:0,(anonymous_1)
FNDA:0,(anonymous_2)
FNDA:0,(anonymous_3)
FNDA:0,(anonymous_4)
FNDA:0,(anonymous_5)
FNDA:0,(anonymous_6)
FNDA:0,(anonymous_7)
DA:11,0
DA:12,0
DA:13,0
DA:22,0
DA:24,0
DA:33,0
DA:38,0
DA:48,0
DA:52,0
DA:61,0
DA:62,0
DA:72,0
DA:74,0
DA:84,0
DA:86,0
DA:96,0
DA:101,0
DA:110,0
DA:111,0
DA:117,0
DA:118,0
DA:163,0
LF:22
LH:0
BRF:0
BRH:0
end_of_record
TN:
SF:src/routes/garage.js
FN:40,(anonymous_0)
FN:67,(anonymous_1)
FN:92,(anonymous_2)
FN:107,(anonymous_3)
FN:130,(anonymous_4)
FN:145,(anonymous_5)
FN:159,(anonymous_6)
FN:174,(anonymous_7)
FN:188,(anonymous_8)
FNF:9
FNH:0
FNDA:0,(anonymous_0)
FNDA:0,(anonymous_1)
FNDA:0,(anonymous_2)
FNDA:0,(anonymous_3)
FNDA:0,(anonymous_4)
FNDA:0,(anonymous_5)
FNDA:0,(anonymous_6)
FNDA:0,(anonymous_7)
FNDA:0,(anonymous_8)
DA:11,0
DA:12,0
DA:13,0
DA:20,0
DA:23,0
DA:38,0
DA:41,0
DA:64,0
DA:68,0
DA:90,0
DA:93,0
DA:106,0
DA:108,0
DA:127,0
DA:131,0
DA:144,0
DA:146,0
DA:158,0
DA:160,0
DA:173,0
DA:175,0
DA:187,0
DA:189,0
DA:193,0
LF:24
LH:0
BRF:0
BRH:0
end_of_record
TN:
SF:src/routes/index.js
FN:5,(anonymous_0)
FNF:1
FNH:0
FNDA:0,(anonymous_0)
DA:1,0
DA:2,0
DA:5,0
DA:6,0
DA:24,0
DA:25,0
DA:26,0
DA:27,0
DA:35,0
LF:9
LH:0
BRF:0
BRH:0
end_of_record
TN:
SF:src/routes/spots.js
FN:52,(anonymous_0)
FN:64,(anonymous_1)
FN:80,(anonymous_2)
FN:96,(anonymous_3)
FN:120,(anonymous_4)
FN:138,(anonymous_5)
FN:171,(anonymous_6)
FN:180,(anonymous_7)
FN:206,(anonymous_8)
FNF:9
FNH:0
FNDA:0,(anonymous_0)
FNDA:0,(anonymous_1)
FNDA:0,(anonymous_2)
FNDA:0,(anonymous_3)
FNDA:0,(anonymous_4)
FNDA:0,(anonymous_5)
FNDA:0,(anonymous_6)
FNDA:0,(anonymous_7)
FNDA:0,(anonymous_8)
DA:11,0
DA:12,0
DA:13,0
DA:21,0
DA:24,0
DA:48,0
DA:53,0
DA:63,0
DA:65,0
DA:76,0
DA:81,0
DA:92,0
DA:97,0
DA:116,0
DA:121,0
DA:136,0
DA:139,0
DA:167,0
DA:172,0
DA:180,0
DA:181,0
DA:184,0
DA:185,0
DA:194,0
DA:206,0
DA:207,0
DA:245,0
LF:27
LH:0
BRDA:184,0,0,0
BRDA:184,0,1,0
BRDA:188,1,0,0
BRDA:188,1,1,0
BRDA:197,2,0,0
BRDA:197,2,1,0
BRF:6
BRH:0
end_of_record
TN:
SF:src/routes/stats.js
FN:23,(anonymous_0)
FN:34,(anonymous_1)
FN:45,(anonymous_2)
FN:57,(anonymous_3)
FN:69,(anonymous_4)
FN:80,(anonymous_5)
FN:92,(anonymous_6)
FN:105,(anonymous_7)
FN:116,(anonymous_8)
FN:129,(anonymous_9)
FNF:10
FNH:0
FNDA:0,(anonymous_0)
FNDA:0,(anonymous_1)
FNDA:0,(anonymous_2)
FNDA:0,(anonymous_3)
FNDA:0,(anonymous_4)
FNDA:0,(anonymous_5)
FNDA:0,(anonymous_6)
FNDA:0,(anonymous_7)
FNDA:0,(anonymous_8)
FNDA:0,(anonymous_9)
DA:10,0
DA:11,0
DA:13,0
DA:14,0
DA:23,0
DA:24,0
DA:34,0
DA:35,0
DA:45,0
DA:46,0
DA:57,0
DA:58,0
DA:69,0
DA:70,0
DA:80,0
DA:81,0
DA:92,0
DA:93,0
DA:105,0
DA:106,0
DA:116,0
DA:117,0
DA:129,0
DA:130,0
DA:133,0
LF:25
LH:0
BRF:0
BRH:0
end_of_record
TN:
SF:src/routes/vehicles.js
FN:27,(anonymous_0)
FN:41,(anonymous_1)
FN:53,(anonymous_2)
FN:68,(anonymous_3)
FN:77,(anonymous_4)
FN:86,(anonymous_5)
FN:97,(anonymous_6)
FNF:7
FNH:0
FNDA:0,(anonymous_0)
FNDA:0,(anonymous_1)
FNDA:0,(anonymous_2)
FNDA:0,(anonymous_3)
FNDA:0,(anonymous_4)
FNDA:0,(anonymous_5)
FNDA:0,(anonymous_6)
DA:11,0
DA:12,0
DA:14,0
DA:15,0
DA:27,0
DA:28,0
DA:41,0
DA:42,0
DA:53,0
DA:54,0
DA:68,0
DA:69,0
DA:77,0
DA:78,0
DA:86,0
DA:87,0
DA:97,0
DA:98,0
DA:101,0
LF:19
LH:0
BRF:0
BRH:0
end_of_record
TN:
SF:src/services/analyticsService.js
FN:16,(anonymous_0)
FN:26,(anonymous_1)
FN:38,(anonymous_2)
FN:46,(anonymous_3)
FN:68,(anonymous_4)
FN:76,(anonymous_5)
FN:83,(anonymous_6)
FN:84,(anonymous_7)
FN:93,(anonymous_8)
FN:94,(anonymous_9)
FN:125,(anonymous_10)
FN:132,(anonymous_11)
FN:143,(anonymous_12)
FN:148,(anonymous_13)
FN:171,(anonymous_14)
FN:172,(anonymous_15)
FN:173,(anonymous_16)
FN:175,(anonymous_17)
FN:190,(anonymous_18)
FN:197,(anonymous_19)
FN:202,(anonymous_20)
FN:203,(anonymous_21)
FN:204,(anonymous_22)
FN:206,(anonymous_23)
FN:207,(anonymous_24)
FN:240,(anonymous_25)
FN:248,(anonymous_26)
FN:259,(anonymous_27)
FN:264,(anonymous_28)
FN:287,(anonymous_29)
FN:291,(anonymous_30)
FN:292,(anonymous_31)
FN:293,(anonymous_32)
FN:313,(anonymous_33)
FN:316,(anonymous_34)
FN:331,(anonymous_35)
FN:335,(anonymous_36)
FN:344,(anonymous_37)
FN:347,(anonymous_38)
FN:362,(anonymous_39)
FN:366,(anonymous_40)
FN:375,(anonymous_41)
FN:380,(anonymous_42)
FN:384,(anonymous_43)
FN:399,(anonymous_44)
FN:418,(anonymous_45)
FN:423,(anonymous_46)
FN:439,(anonymous_47)
FN:442,(anonymous_48)
FN:452,(anonymous_49)
FN:468,(anonymous_50)
FN:471,(anonymous_51)
FN:481,(anonymous_52)
FNF:53
FNH:0
FNDA:0,(anonymous_0)
FNDA:0,(anonymous_1)
FNDA:0,(anonymous_2)
FNDA:0,(anonymous_3)
FNDA:0,(anonymous_4)
FNDA:0,(anonymous_5)
FNDA:0,(anonymous_6)
FNDA:0,(anonymous_7)
FNDA:0,(anonymous_8)
FNDA:0,(anonymous_9)
FNDA:0,(anonymous_10)
FNDA:0,(anonymous_11)
FNDA:0,(anonymous_12)
FNDA:0,(anonymous_13)
FNDA:0,(anonymous_14)
FNDA:0,(anonymous_15)
FNDA:0,(anonymous_16)
FNDA:0,(anonymous_17)
FNDA:0,(anonymous_18)
FNDA:0,(anonymous_19)
FNDA:0,(anonymous_20)
FNDA:0,(anonymous_21)
FNDA:0,(anonymous_22)
FNDA:0,(anonymous_23)
FNDA:0,(anonymous_24)
FNDA:0,(anonymous_25)
FNDA:0,(anonymous_26)
FNDA:0,(anonymous_27)
FNDA:0,(anonymous_28)
FNDA:0,(anonymous_29)
FNDA:0,(anonymous_30)
FNDA:0,(anonymous_31)
FNDA:0,(anonymous_32)
FNDA:0,(anonymous_33)
FNDA:0,(anonymous_34)
FNDA:0,(anonymous_35)
FNDA:0,(anonymous_36)
FNDA:0,(anonymous_37)
FNDA:0,(anonymous_38)
FNDA:0,(anonymous_39)
FNDA:0,(anonymous_40)
FNDA:0,(anonymous_41)
FNDA:0,(anonymous_42)
FNDA:0,(anonymous_43)
FNDA:0,(anonymous_44)
FNDA:0,(anonymous_45)
FNDA:0,(anonymous_46)
FNDA:0,(anonymous_47)
FNDA:0,(anonymous_48)
FNDA:0,(anonymous_49)
FNDA:0,(anonymous_50)
FNDA:0,(anonymous_51)
FNDA:0,(anonymous_52)
DA:11,0
DA:12,0
DA:13,0
DA:17,0
DA:18,0
DA:19,0
DA:27,0
DA:28,0
DA:29,0
DA:30,0
DA:33,0
DA:34,0
DA:35,0
DA:37,0
DA:38,0
DA:39,0
DA:40,0
DA:42,0
DA:46,0
DA:59,0
DA:69,0
DA:70,0
DA:71,0
DA:72,0
DA:75,0
DA:76,0
DA:78,0
DA:79,0
DA:82,0
DA:83,0
DA:84,0
DA:86,0
DA:87,0
DA:88,0
DA:89,0
DA:92,0
DA:93,0
DA:94,0
DA:96,0
DA:115,0
DA:126,0
DA:127,0
DA:128,0
DA:129,0
DA:131,0
DA:132,0
DA:133,0
DA:134,0
DA:138,0
DA:139,0
DA:140,0
DA:141,0
DA:143,0
DA:144,0
DA:145,0
DA:148,0
DA:149,0
DA:150,0
DA:151,0
DA:154,0
DA:163,0
DA:171,0
DA:172,0
DA:174,0
DA:176,0
DA:180,0
DA:191,0
DA:192,0
DA:193,0
DA:194,0
DA:196,0
DA:197,0
DA:198,0
DA:199,0
DA:202,0
DA:203,0
DA:204,0
DA:206,0
DA:207,0
DA:209,0
DA:232,0
DA:241,0
DA:242,0
DA:245,0
DA:246,0
DA:248,0
DA:249,0
DA:250,0
DA:251,0
DA:254,0
DA:255,0
DA:256,0
DA:258,0
DA:259,0
DA:264,0
DA:277,0
DA:288,0
DA:289,0
DA:291,0
DA:292,0
DA:293,0
DA:294,0
DA:296,0
DA:304,0
DA:314,0
DA:316,0
DA:317,0
DA:318,0
DA:321,0
DA:322,0
DA:324,0
DA:325,0
DA:327,0
DA:331,0
DA:335,0
DA:345,0
DA:347,0
DA:348,0
DA:349,0
DA:352,0
DA:353,0
DA:355,0
DA:356,0
DA:358,0
DA:362,0
DA:366,0
DA:376,0
DA:377,0
DA:380,0
DA:382,0
DA:384,0
DA:385,0
DA:386,0
DA:387,0
DA:388,0
DA:391,0
DA:392,0
DA:399,0
DA:400,0
DA:403,0
DA:405,0
DA:419,0
DA:420,0
DA:423,0
DA:424,0
DA:426,0
DA:440,0
DA:442,0
DA:443,0
DA:444,0
DA:447,0
DA:448,0
DA:452,0
DA:453,0
DA:454,0
DA:459,0
DA:469,0
DA:471,0
DA:472,0
DA:473,0
DA:476,0
DA:477,0
DA:481,0
DA:482,0
DA:483,0
DA:488,0
DA:492,0
LF:167
LH:0
BRDA:29,0,0,0
BRDA:29,0,1,0
BRDA:40,1,0,0
BRDA:40,1,1,0
BRDA:71,2,0,0
BRDA:71,2,1,0
BRDA:78,3,0,0
BRDA:78,3,1,0
BRDA:89,4,0,0
BRDA:89,4,1,0
BRDA:125,5,0,0
BRDA:127,6,0,0
BRDA:145,7,0,0
BRDA:145,7,1,0
BRDA:149,8,0,0
BRDA:149,8,1,0
BRDA:151,9,0,0
BRDA:151,9,1,0
BRDA:174,10,0,0
BRDA:174,10,1,0
BRDA:176,11,0,0
BRDA:176,11,1,0
BRDA:190,12,0,0
BRDA:192,13,0,0
BRDA:203,14,0,0
BRDA:203,14,1,0
BRDA:218,15,0,0
BRDA:218,15,1,0
BRDA:262,16,0,0
BRDA:262,16,1,0
BRDA:268,17,0,0
BRDA:268,17,1,0
BRDA:300,18,0,0
BRDA:300,18,1,0
BRDA:317,19,0,0
BRDA:317,19,1,0
BRDA:324,20,0,0
BRDA:324,20,1,0
BRDA:334,21,0,0
BRDA:334,21,1,0
BRDA:348,22,0,0
BRDA:348,22,1,0
BRDA:355,23,0,0
BRDA:355,23,1,0
BRDA:365,24,0,0
BRDA:365,24,1,0
BRDA:376,25,0,0
BRDA:376,25,1,0
BRDA:376,26,0,0
BRDA:376,26,1,0
BRDA:382,27,0,0
BRDA:382,27,1,0
BRDA:419,28,0,0
BRDA:419,28,1,0
BRDA:419,29,0,0
BRDA:419,29,1,0
BRDA:429,30,0,0
BRDA:429,30,1,0
BRDA:443,31,0,0
BRDA:443,31,1,0
BRDA:454,32,0,0
BRDA:454,32,1,0
BRDA:472,33,0,0
BRDA:472,33,1,0
BRDA:483,34,0,0
BRDA:483,34,1,0
BRF:66
BRH:0
end_of_record
TN:
SF:src/services/billingService.js
FN:51,(anonymous_0)
FN:70,(anonymous_1)
FN:160,(anonymous_2)
FN:169,(anonymous_3)
FN:192,(anonymous_4)
FN:225,(anonymous_5)
FN:257,(anonymous_6)
FN:283,(anonymous_7)
FN:291,(anonymous_8)
FN:299,(anonymous_9)
FN:308,(anonymous_10)
FN:320,(anonymous_11)
FN:335,(anonymous_12)
FN:353,(anonymous_13)
FN:363,(anonymous_14)
FNF:15
FNH:0
FNDA:0,(anonymous_0)
FNDA:0,(anonymous_1)
FNDA:0,(anonymous_2)
FNDA:0,(anonymous_3)
FNDA:0,(anonymous_4)
FNDA:0,(anonymous_5)
FNDA:0,(anonymous_6)
FNDA:0,(anonymous_7)
FNDA:0,(anonymous_8)
FNDA:0,(anonymous_9)
FNDA:0,(anonymous_10)
FNDA:0,(anonymous_11)
FNDA:0,(anonymous_12)
FNDA:0,(anonymous_13)
FNDA:0,(anonymous_14)
DA:11,0
DA:16,0
DA:25,0
DA:33,0
DA:42,0
DA:52,0
DA:53,0
DA:54,0
DA:55,0
DA:79,0
DA:82,0
DA:86,0
DA:87,0
DA:89,0
DA:93,0
DA:94,0
DA:115,0
DA:118,0
DA:121,0
DA:124,0
DA:127,0
DA:133,0
DA:135,0
DA:161,0
DA:170,0
DA:171,0
DA:173,0
DA:174,0
DA:175,0
DA:176,0
DA:179,0
DA:193,0
DA:194,0
DA:197,0
DA:198,0
DA:200,0
DA:201,0
DA:203,0
DA:205,0
DA:206,0
DA:207,0
DA:210,0
DA:211,0
DA:214,0
DA:226,0
DA:258,0
DA:260,0
DA:261,0
DA:264,0
DA:265,0
DA:266,0
DA:269,0
DA:270,0
DA:273,0
DA:274,0
DA:275,0
DA:284,0
DA:292,0
DA:300,0
DA:309,0
DA:310,0
DA:312,0
DA:321,0
DA:322,0
DA:324,0
DA:336,0
DA:337,0
DA:338,0
DA:340,0
DA:354,0
DA:363,0
DA:364,0
DA:365,0
DA:369,0
DA:372,0
DA:374,0
DA:378,0
LF:77
LH:0
BRDA:74,0,0,0
BRDA:75,1,0,0
BRDA:76,2,0,0
BRDA:77,3,0,0
BRDA:78,4,0,0
BRDA:86,5,0,0
BRDA:86,5,1,0
BRDA:93,6,0,0
BRDA:93,6,1,0
BRDA:115,7,0,0
BRDA:115,7,1,0
BRDA:161,8,0,0
BRDA:161,8,1,0
BRDA:174,9,0,0
BRDA:174,9,1,0
BRDA:193,10,0,0
BRDA:193,10,1,0
BRDA:197,11,0,0
BRDA:197,11,1,0
BRDA:203,12,0,0
BRDA:203,12,1,0
BRDA:203,13,0,0
BRDA:203,13,1,0
BRDA:260,14,0,0
BRDA:260,14,1,0
BRDA:260,15,0,0
BRDA:260,15,1,0
BRDA:265,16,0,0
BRDA:265,16,1,0
BRDA:269,17,0,0
BRDA:269,17,1,0
BRDA:269,18,0,0
BRDA:269,18,1,0
BRDA:274,19,0,0
BRDA:274,19,1,0
BRDA:309,20,0,0
BRDA:309,20,1,0
BRDA:309,21,0,0
BRDA:309,21,1,0
BRDA:321,22,0,0
BRDA:321,22,1,0
BRDA:321,23,0,0
BRDA:321,23,1,0
BRDA:335,24,0,0
BRDA:335,25,0,0
BRDA:364,26,0,0
BRDA:364,26,1,0
BRDA:369,27,0,0
BRDA:369,27,1,0
BRF:49
BRH:0
end_of_record
TN:
SF:src/services/checkinService.js
FN:19,(anonymous_0)
FN:34,(anonymous_1)
FN:68,(anonymous_2)
FN:89,(anonymous_3)
FN:106,(anonymous_4)
FN:132,(anonymous_5)
FN:146,(anonymous_6)
FN:162,(anonymous_7)
FN:191,(anonymous_8)
FN:218,(anonymous_9)
FN:246,(anonymous_10)
FNF:11
FNH:0
FNDA:0,(anonymous_0)
FNDA:0,(anonymous_1)
FNDA:0,(anonymous_2)
FNDA:0,(anonymous_3)
FNDA:0,(anonymous_4)
FNDA:0,(anonymous_5)
FNDA:0,(anonymous_6)
FNDA:0,(anonymous_7)
FNDA:0,(anonymous_8)
FNDA:0,(anonymous_9)
FNDA:0,(anonymous_10)
DA:11,0
DA:12,0
DA:13,0
DA:20,0
DA:21,0
DA:22,0
DA:36,0
DA:39,0
DA:42,0
DA:44,0
DA:46,0
DA:49,0
DA:52,0
DA:56,0
DA:57,0
DA:69,0
DA:70,0
DA:73,0
DA:74,0
DA:75,0
DA:78,0
DA:79,0
DA:80,0
DA:90,0
DA:92,0
DA:93,0
DA:107,0
DA:109,0
DA:111,0
DA:112,0
DA:114,0
DA:121,0
DA:133,0
DA:134,0
DA:135,0
DA:137,0
DA:147,0
DA:148,0
DA:149,0
DA:150,0
DA:153,0
DA:163,0
DA:165,0
DA:166,0
DA:170,0
DA:173,0
DA:175,0
DA:176,0
DA:177,0
DA:181,0
DA:192,0
DA:219,0
DA:220,0
DA:221,0
DA:223,0
DA:247,0
DA:249,0
DA:250,0
DA:251,0
DA:259,0
DA:261,0
DA:262,0
DA:270,0
DA:279,0
DA:288,0
LF:65
LH:0
BRDA:34,0,0,0
BRDA:69,1,0,0
BRDA:69,1,1,0
BRDA:69,2,0,0
BRDA:69,2,1,0
BRDA:74,3,0,0
BRDA:74,3,1,0
BRDA:79,4,0,0
BRDA:79,4,1,0
BRDA:92,5,0,0
BRDA:92,5,1,0
BRDA:92,6,0,0
BRDA:92,6,1,0
BRDA:109,7,0,0
BRDA:109,7,1,0
BRDA:149,8,0,0
BRDA:149,8,1,0
BRDA:165,9,0,0
BRDA:165,9,1,0
BRDA:176,10,0,0
BRDA:176,10,1,0
BRDA:176,11,0,0
BRDA:176,11,1,0
BRDA:176,11,2,0
BRDA:250,12,0,0
BRDA:250,12,1,0
BRDA:250,13,0,0
BRDA:250,13,1,0
BRDA:261,14,0,0
BRDA:261,14,1,0
BRF:30
BRH:0
end_of_record
TN:
SF:src/services/checkoutService.js
FN:20,(anonymous_0)
FN:37,(anonymous_1)
FN:83,(anonymous_2)
FN:107,(anonymous_3)
FN:123,(anonymous_4)
FN:139,(anonymous_5)
FN:160,(anonymous_6)
FN:177,(anonymous_7)
FN:205,(anonymous_8)
FN:227,(anonymous_9)
FN:274,(anonymous_10)
FN:302,(anonymous_11)
FN:335,(anonymous_12)
FN:371,(anonymous_13)
FN:374,(anonymous_14)
FN:377,(anonymous_15)
FN:402,(anonymous_16)
FNF:17
FNH:0
FNDA:0,(anonymous_0)
FNDA:0,(anonymous_1)
FNDA:0,(anonymous_2)
FNDA:0,(anonymous_3)
FNDA:0,(anonymous_4)
FNDA:0,(anonymous_5)
FNDA:0,(anonymous_6)
FNDA:0,(anonymous_7)
FNDA:0,(anonymous_8)
FNDA:0,(anonymous_9)
FNDA:0,(anonymous_10)
FNDA:0,(anonymous_11)
FNDA:0,(anonymous_12)
FNDA:0,(anonymous_13)
FNDA:0,(anonymous_14)
FNDA:0,(anonymous_15)
FNDA:0,(anonymous_16)
DA:11,0
DA:12,0
DA:13,0
DA:14,0
DA:21,0
DA:22,0
DA:23,0
DA:42,0
DA:45,0
DA:48,0
DA:51,0
DA:52,0
DA:53,0
DA:55,0
DA:57,0
DA:60,0
DA:63,0
DA:64,0
DA:68,0
DA:72,0
DA:73,0
DA:84,0
DA:85,0
DA:88,0
DA:90,0
DA:91,0
DA:94,0
DA:95,0
DA:98,0
DA:108,0
DA:110,0
DA:111,0
DA:114,0
DA:124,0
DA:125,0
DA:127,0
DA:140,0
DA:141,0
DA:150,0
DA:161,0
DA:162,0
DA:163,0
DA:164,0
DA:165,0
DA:167,0
DA:178,0
DA:180,0
DA:181,0
DA:184,0
DA:185,0
DA:191,0
DA:192,0
DA:193,0
DA:197,0
DA:206,0
DA:207,0
DA:208,0
DA:210,0
DA:214,0
DA:228,0
DA:275,0
DA:277,0
DA:279,0
DA:280,0
DA:281,0
DA:282,0
DA:285,0
DA:288,0
DA:290,0
DA:291,0
DA:294,0
DA:303,0
DA:304,0
DA:305,0
DA:307,0
DA:336,0
DA:337,0
DA:338,0
DA:340,0
DA:341,0
DA:342,0
DA:344,0
DA:358,0
DA:372,0
DA:374,0
DA:375,0
DA:376,0
DA:378,0
DA:379,0
DA:380,0
DA:382,0
DA:403,0
DA:404,0
DA:406,0
DA:414,0
DA:419,0
LF:96
LH:0
BRDA:37,0,0,0
BRDA:39,1,0,0
BRDA:40,2,0,0
BRDA:41,3,0,0
BRDA:51,4,0,0
BRDA:51,4,1,0
BRDA:63,5,0,0
BRDA:63,5,1,0
BRDA:84,6,0,0
BRDA:84,6,1,0
BRDA:84,7,0,0
BRDA:84,7,1,0
BRDA:90,8,0,0
BRDA:90,8,1,0
BRDA:94,9,0,0
BRDA:94,9,1,0
BRDA:110,10,0,0
BRDA:110,10,1,0
BRDA:139,11,0,0
BRDA:144,12,0,0
BRDA:144,12,1,0
BRDA:145,13,0,0
BRDA:145,13,1,0
BRDA:180,14,0,0
BRDA:180,14,1,0
BRDA:184,15,0,0
BRDA:184,15,1,0
BRDA:192,16,0,0
BRDA:192,16,1,0
BRDA:208,17,0,0
BRDA:208,17,1,0
BRDA:259,18,0,0
BRDA:259,18,1,0
BRDA:279,19,0,0
BRDA:279,19,1,0
BRDA:290,20,0,0
BRDA:290,20,1,0
BRDA:290,21,0,0
BRDA:290,21,1,0
BRDA:335,22,0,0
BRDA:340,23,0,0
BRDA:340,23,1,0
BRDA:371,24,0,0
BRDA:390,25,0,0
BRDA:390,25,1,0
BRDA:391,26,0,0
BRDA:391,26,1,0
BRDA:402,27,0,0
BRF:48
BRH:0
end_of_record
TN:
SF:src/services/garageService.js
FN:18,(anonymous_0)
FN:31,(anonymous_1)
FN:65,(anonymous_2)
FN:85,(anonymous_3)
FN:104,(anonymous_4)
FN:137,(anonymous_5)
FN:154,(anonymous_6)
FN:177,(anonymous_7)
FN:197,(anonymous_8)
FN:209,(anonymous_9)
FN:238,(anonymous_10)
FN:260,(anonymous_11)
FN:276,(anonymous_12)
FN:296,(anonymous_13)
FN:300,(anonymous_14)
FN:313,(anonymous_15)
FN:317,(anonymous_16)
FN:334,(anonymous_17)
FN:338,(anonymous_18)
FN:358,(anonymous_19)
FN:366,(anonymous_20)
FNF:21
FNH:0
FNDA:0,(anonymous_0)
FNDA:0,(anonymous_1)
FNDA:0,(anonymous_2)
FNDA:0,(anonymous_3)
FNDA:0,(anonymous_4)
FNDA:0,(anonymous_5)
FNDA:0,(anonymous_6)
FNDA:0,(anonymous_7)
FNDA:0,(anonymous_8)
FNDA:0,(anonymous_9)
FNDA:0,(anonymous_10)
FNDA:0,(anonymous_11)
FNDA:0,(anonymous_12)
FNDA:0,(anonymous_13)
FNDA:0,(anonymous_14)
FNDA:0,(anonymous_15)
FNDA:0,(anonymous_16)
FNDA:0,(anonymous_17)
FNDA:0,(anonymous_18)
FNDA:0,(anonymous_19)
FNDA:0,(anonymous_20)
DA:11,0
DA:12,0
DA:19,0
DA:20,0
DA:32,0
DA:34,0
DA:35,0
DA:36,0
DA:40,0
DA:57,0
DA:60,0
DA:62,0
DA:65,0
DA:76,0
DA:86,0
DA:88,0
DA:89,0
DA:90,0
DA:93,0
DA:105,0
DA:106,0
DA:108,0
DA:109,0
DA:111,0
DA:114,0
DA:116,0
DA:117,0
DA:118,0
DA:121,0
DA:126,0
DA:139,0
DA:141,0
DA:142,0
DA:143,0
DA:155,0
DA:158,0
DA:159,0
DA:163,0
DA:164,0
DA:167,0
DA:178,0
DA:180,0
DA:181,0
DA:182,0
DA:185,0
DA:191,0
DA:192,0
DA:195,0
DA:196,0
DA:197,0
DA:200,0
DA:210,0
DA:211,0
DA:212,0
DA:216,0
DA:218,0
DA:219,0
DA:220,0
DA:224,0
DA:239,0
DA:240,0
DA:241,0
DA:245,0
DA:246,0
DA:247,0
DA:250,0
DA:261,0
DA:262,0
DA:263,0
DA:266,0
DA:267,0
DA:268,0
DA:269,0
DA:271,0
DA:276,0
DA:297,0
DA:298,0
DA:300,0
DA:301,0
DA:302,0
DA:306,0
DA:314,0
DA:315,0
DA:317,0
DA:318,0
DA:319,0
DA:320,0
DA:321,0
DA:323,0
DA:327,0
DA:335,0
DA:336,0
DA:338,0
DA:339,0
DA:340,0
DA:341,0
DA:343,0
DA:344,0
DA:345,0
DA:347,0
DA:351,0
DA:359,0
DA:367,0
DA:368,0
DA:370,0
DA:377,0
LF:106
LH:0
BRDA:35,0,0,0
BRDA:35,0,1,0
BRDA:141,1,0,0
BRDA:141,1,1,0
BRDA:142,2,0,0
BRDA:142,2,1,0
BRDA:158,3,0,0
BRDA:158,3,1,0
BRDA:163,4,0,0
BRDA:163,4,1,0
BRDA:163,5,0,0
BRDA:163,5,1,0
BRDA:163,5,2,0
BRDA:177,6,0,0
BRDA:178,7,0,0
BRDA:178,8,0,0
BRDA:181,9,0,0
BRDA:181,9,1,0
BRDA:191,10,0,0
BRDA:191,10,1,0
BRDA:195,11,0,0
BRDA:195,11,1,0
BRDA:211,12,0,0
BRDA:211,12,1,0
BRDA:219,13,0,0
BRDA:219,13,1,0
BRDA:240,14,0,0
BRDA:240,14,1,0
BRDA:245,15,0,0
BRDA:245,15,1,0
BRDA:262,16,0,0
BRDA:262,16,1,0
BRDA:301,17,0,0
BRDA:301,17,1,0
BRDA:318,18,0,0
BRDA:318,18,1,0
BRDA:320,19,0,0
BRDA:320,19,1,0
BRDA:340,20,0,0
BRDA:340,20,1,0
BRDA:344,21,0,0
BRDA:344,21,1,0
BRF:42
BRH:0
end_of_record
TN:
SF:src/services/searchService.js
FN:16,(anonymous_0)
FN:31,(anonymous_1)
FN:85,(anonymous_2)
FN:105,(anonymous_3)
FN:162,(anonymous_4)
FN:175,(anonymous_5)
FN:176,(anonymous_6)
FN:177,(anonymous_7)
FN:182,(anonymous_8)
FN:183,(anonymous_9)
FN:184,(anonymous_10)
FN:191,(anonymous_11)
FN:223,(anonymous_12)
FN:230,(anonymous_13)
FN:234,(anonymous_14)
FN:238,(anonymous_15)
FN:242,(anonymous_16)
FN:243,(anonymous_17)
FN:247,(anonymous_18)
FN:267,(anonymous_19)
FN:308,(anonymous_20)
FN:320,(anonymous_21)
FN:335,(anonymous_22)
FN:349,(anonymous_23)
FNF:24
FNH:0
FNDA:0,(anonymous_0)
FNDA:0,(anonymous_1)
FNDA:0,(anonymous_2)
FNDA:0,(anonymous_3)
FNDA:0,(anonymous_4)
FNDA:0,(anonymous_5)
FNDA:0,(anonymous_6)
FNDA:0,(anonymous_7)
FNDA:0,(anonymous_8)
FNDA:0,(anonymous_9)
FNDA:0,(anonymous_10)
FNDA:0,(anonymous_11)
FNDA:0,(anonymous_12)
FNDA:0,(anonymous_13)
FNDA:0,(anonymous_14)
FNDA:0,(anonymous_15)
FNDA:0,(anonymous_16)
FNDA:0,(anonymous_17)
FNDA:0,(anonymous_18)
FNDA:0,(anonymous_19)
FNDA:0,(anonymous_20)
FNDA:0,(anonymous_21)
FNDA:0,(anonymous_22)
FNDA:0,(anonymous_23)
DA:11,0
DA:12,0
DA:13,0
DA:17,0
DA:18,0
DA:21,0
DA:22,0
DA:23,0
DA:32,0
DA:33,0
DA:34,0
DA:37,0
DA:39,0
DA:40,0
DA:48,0
DA:50,0
DA:72,0
DA:86,0
DA:91,0
DA:94,0
DA:95,0
DA:96,0
DA:104,0
DA:105,0
DA:108,0
DA:115,0
DA:117,0
DA:118,0
DA:119,0
DA:121,0
DA:122,0
DA:143,0
DA:150,0
DA:163,0
DA:164,0
DA:165,0
DA:167,0
DA:169,0
DA:170,0
DA:171,0
DA:173,0
DA:174,0
DA:175,0
DA:176,0
DA:177,0
DA:178,0
DA:180,0
DA:181,0
DA:182,0
DA:183,0
DA:184,0
DA:187,0
DA:191,0
DA:192,0
DA:193,0
DA:210,0
DA:224,0
DA:225,0
DA:226,0
DA:229,0
DA:230,0
DA:233,0
DA:234,0
DA:237,0
DA:238,0
DA:241,0
DA:242,0
DA:243,0
DA:247,0
DA:257,0
DA:268,0
DA:269,0
DA:270,0
DA:274,0
DA:277,0
DA:278,0
DA:280,0
DA:281,0
DA:282,0
DA:284,0
DA:288,0
DA:289,0
DA:290,0
DA:291,0
DA:292,0
DA:297,0
DA:299,0
DA:309,0
DA:312,0
DA:313,0
DA:317,0
DA:318,0
DA:320,0
DA:321,0
DA:324,0
DA:326,0
DA:336,0
DA:337,0
DA:338,0
DA:340,0
DA:341,0
DA:343,0
DA:350,0
DA:351,0
DA:355,0
LF:105
LH:0
BRDA:33,0,0,0
BRDA:33,0,1,0
BRDA:39,1,0,0
BRDA:39,1,1,0
BRDA:62,2,0,0
BRDA:62,2,1,0
BRDA:85,3,0,0
BRDA:88,4,0,0
BRDA:89,5,0,0
BRDA:90,6,0,0
BRDA:95,7,0,0
BRDA:95,7,1,0
BRDA:119,8,0,0
BRDA:119,8,1,0
BRDA:121,9,0,0
BRDA:121,9,1,0
BRDA:133,10,0,0
BRDA:133,10,1,0
BRDA:162,11,0,0
BRDA:167,12,0,0
BRDA:167,12,1,0
BRDA:170,13,0,0
BRDA:170,13,1,0
BRDA:171,14,0,0
BRDA:171,14,1,0
BRDA:171,15,0,0
BRDA:171,15,1,0
BRDA:178,16,0,0
BRDA:178,16,1,0
BRDA:200,17,0,0
BRDA:200,17,1,0
BRDA:223,18,0,0
BRDA:229,19,0,0
BRDA:229,19,1,0
BRDA:233,20,0,0
BRDA:233,20,1,0
BRDA:237,21,0,0
BRDA:237,21,1,0
BRDA:241,22,0,0
BRDA:241,22,1,0
BRDA:241,23,0,0
BRDA:241,23,1,0
BRDA:267,24,0,0
BRDA:269,25,0,0
BRDA:269,25,1,0
BRDA:269,26,0,0
BRDA:269,26,1,0
BRDA:281,27,0,0
BRDA:281,27,1,0
BRDA:284,28,0,0
BRDA:284,28,1,0
BRDA:288,29,0,0
BRDA:288,29,1,0
BRDA:290,30,0,0
BRDA:290,30,1,0
BRDA:290,31,0,0
BRDA:290,31,1,0
BRDA:292,32,0,0
BRDA:292,32,1,0
BRDA:312,33,0,0
BRDA:312,33,1,0
BRDA:312,34,0,0
BRDA:312,34,1,0
BRF:63
BRH:0
end_of_record
TN:
SF:src/services/spotAssignmentService.js
FN:17,(anonymous_0)
FN:36,(anonymous_1)
FN:48,(anonymous_2)
FN:68,(anonymous_3)
FN:70,(anonymous_4)
FN:76,(anonymous_5)
FN:88,(anonymous_6)
FN:129,(anonymous_7)
FN:154,(anonymous_8)
FN:164,(anonymous_9)
FN:173,(anonymous_10)
FN:177,(anonymous_11)
FN:183,(anonymous_12)
FN:184,(anonymous_13)
FN:200,(anonymous_14)
FN:234,(anonymous_15)
FN:239,(anonymous_16)
FNF:17
FNH:0
FNDA:0,(anonymous_0)
FNDA:0,(anonymous_1)
FNDA:0,(anonymous_2)
FNDA:0,(anonymous_3)
FNDA:0,(anonymous_4)
FNDA:0,(anonymous_5)
FNDA:0,(anonymous_6)
FNDA:0,(anonymous_7)
FNDA:0,(anonymous_8)
FNDA:0,(anonymous_9)
FNDA:0,(anonymous_10)
FNDA:0,(anonymous_11)
FNDA:0,(anonymous_12)
FNDA:0,(anonymous_13)
FNDA:0,(anonymous_14)
FNDA:0,(anonymous_15)
FNDA:0,(anonymous_16)
DA:11,0
DA:18,0
DA:25,0
DA:38,0
DA:39,0
DA:40,0
DA:44,0
DA:47,0
DA:48,0
DA:49,0
DA:52,0
DA:53,0
DA:57,0
DA:58,0
DA:70,0
DA:76,0
DA:78,0
DA:89,0
DA:93,0
DA:94,0
DA:98,0
DA:99,0
DA:102,0
DA:103,0
DA:106,0
DA:107,0
DA:111,0
DA:112,0
DA:116,0
DA:117,0
DA:120,0
DA:133,0
DA:135,0
DA:136,0
DA:140,0
DA:141,0
DA:145,0
DA:155,0
DA:156,0
DA:165,0
DA:174,0
DA:175,0
DA:177,0
DA:178,0
DA:182,0
DA:183,0
DA:184,0
DA:187,0
DA:201,0
DA:203,0
DA:204,0
DA:211,0
DA:213,0
DA:235,0
DA:236,0
DA:238,0
DA:239,0
DA:240,0
DA:241,0
DA:243,0
DA:254,0
DA:264,0
LF:62
LH:0
BRDA:39,0,0,0
BRDA:39,0,1,0
BRDA:52,1,0,0
BRDA:52,1,1,0
BRDA:106,2,0,0
BRDA:106,2,1,0
BRDA:111,3,0,0
BRDA:111,3,1,0
BRDA:116,4,0,0
BRDA:116,4,1,0
BRDA:135,5,0,0
BRDA:135,5,1,0
BRDA:140,6,0,0
BRDA:140,6,1,0
BRDA:140,7,0,0
BRDA:140,7,1,0
BRDA:156,8,0,0
BRDA:156,8,1,0
BRDA:165,9,0,0
BRDA:165,9,1,0
BRDA:203,10,0,0
BRDA:203,10,1,0
BRDA:246,11,0,0
BRDA:246,11,1,0
BRDA:257,12,0,0
BRDA:257,12,1,0
BRF:26
BRH:0
end_of_record
TN:
SF:src/services/spotService.js
FN:18,(anonymous_0)
FN:30,(anonymous_1)
FN:56,(anonymous_2)
FN:75,(anonymous_3)
FN:90,(anonymous_4)
FN:127,(anonymous_5)
FN:160,(anonymous_6)
FN:165,(anonymous_7)
FN:197,(anonymous_8)
FN:200,(anonymous_9)
FN:206,(anonymous_10)
FN:239,(anonymous_11)
FN:266,(anonymous_12)
FN:270,(anonymous_13)
FN:288,(anonymous_14)
FN:301,(anonymous_15)
FN:314,(anonymous_16)
FN:334,(anonymous_17)
FN:343,(anonymous_18)
FNF:19
FNH:0
FNDA:0,(anonymous_0)
FNDA:0,(anonymous_1)
FNDA:0,(anonymous_2)
FNDA:0,(anonymous_3)
FNDA:0,(anonymous_4)
FNDA:0,(anonymous_5)
FNDA:0,(anonymous_6)
FNDA:0,(anonymous_7)
FNDA:0,(anonymous_8)
FNDA:0,(anonymous_9)
FNDA:0,(anonymous_10)
FNDA:0,(anonymous_11)
FNDA:0,(anonymous_12)
FNDA:0,(anonymous_13)
FNDA:0,(anonymous_14)
FNDA:0,(anonymous_15)
FNDA:0,(anonymous_16)
FNDA:0,(anonymous_17)
FNDA:0,(anonymous_18)
DA:11,0
DA:12,0
DA:19,0
DA:31,0
DA:32,0
DA:35,0
DA:38,0
DA:41,0
DA:44,0
DA:47,0
DA:50,0
DA:52,0
DA:53,0
DA:55,0
DA:56,0
DA:66,0
DA:76,0
DA:77,0
DA:78,0
DA:80,0
DA:91,0
DA:92,0
DA:95,0
DA:96,0
DA:97,0
DA:101,0
DA:103,0
DA:104,0
DA:106,0
DA:107,0
DA:110,0
DA:111,0
DA:116,0
DA:119,0
DA:128,0
DA:129,0
DA:131,0
DA:132,0
DA:135,0
DA:137,0
DA:138,0
DA:140,0
DA:149,0
DA:161,0
DA:162,0
DA:165,0
DA:167,0
DA:168,0
DA:172,0
DA:173,0
DA:177,0
DA:178,0
DA:182,0
DA:183,0
DA:186,0
DA:198,0
DA:200,0
DA:203,0
DA:204,0
DA:206,0
DA:207,0
DA:208,0
DA:211,0
DA:212,0
DA:213,0
DA:214,0
DA:217,0
DA:218,0
DA:221,0
DA:222,0
DA:223,0
DA:224,0
DA:227,0
DA:240,0
DA:241,0
DA:244,0
DA:250,0
DA:257,0
DA:263,0
DA:264,0
DA:266,0
DA:267,0
DA:268,0
DA:270,0
DA:271,0
DA:272,0
DA:276,0
DA:277,0
DA:280,0
DA:288,0
DA:302,0
DA:303,0
DA:309,0
DA:314,0
DA:316,0
DA:317,0
DA:325,0
DA:326,0
DA:327,0
DA:330,0
DA:331,0
DA:334,0
DA:335,0
DA:336,0
DA:337,0
DA:343,0
DA:344,0
DA:347,0
DA:356,0
LF:109
LH:0
BRDA:30,0,0,0
BRDA:30,1,0,0
BRDA:30,2,0,0
BRDA:78,3,0,0
BRDA:78,3,1,0
BRDA:96,4,0,0
BRDA:96,4,1,0
BRDA:106,5,0,0
BRDA:106,5,1,0
BRDA:161,6,0,0
BRDA:161,6,1,0
BRDA:167,7,0,0
BRDA:167,7,1,0
BRDA:167,8,0,0
BRDA:167,8,1,0
BRDA:172,9,0,0
BRDA:172,9,1,0
BRDA:172,10,0,0
BRDA:172,10,1,0
BRDA:177,11,0,0
BRDA:177,11,1,0
BRDA:177,12,0,0
BRDA:177,12,1,0
BRDA:182,13,0,0
BRDA:182,13,1,0
BRDA:182,14,0,0
BRDA:182,14,1,0
BRDA:198,15,0,0
BRDA:198,15,1,0
BRDA:203,16,0,0
BRDA:204,17,0,0
BRDA:204,17,1,0
BRDA:211,18,0,0
BRDA:211,18,1,0
BRDA:217,19,0,0
BRDA:217,19,1,0
BRDA:221,20,0,0
BRDA:221,20,1,0
BRDA:221,21,0,0
BRDA:221,21,1,0
BRDA:271,22,0,0
BRDA:271,22,1,0
BRDA:290,23,0,0
BRDA:290,23,1,0
BRDA:316,24,0,0
BRDA:316,24,1,0
BRDA:335,25,0,0
BRDA:335,25,1,0
BRF:48
BRH:0
end_of_record
TN:
SF:src/storage/memoryStore.js
FN:12,(anonymous_0)
FN:55,(anonymous_1)
FN:65,(anonymous_2)
FN:77,(anonymous_3)
FNF:4
FNH:0
FNDA:0,(anonymous_0)
FNDA:0,(anonymous_1)
FNDA:0,(anonymous_2)
FNDA:0,(anonymous_3)
DA:13,0
DA:14,0
DA:21,0
DA:27,0
DA:33,0
DA:39,0
DA:45,0
DA:47,0
DA:48,0
DA:56,0
DA:57,0
DA:59,0
DA:66,0
DA:67,0
DA:68,0
DA:69,0
DA:70,0
DA:78,0
DA:88,0
LF:19
LH:0
BRDA:13,0,0,0
BRDA:13,0,1,0
BRDA:56,1,0,0
BRDA:56,1,1,0
BRF:4
BRH:0
end_of_record
TN:
SF:src/utils/pagination.js
FN:18,calculatePagination
FN:54,paginateArray
FN:66,createPaginatedResponse
FN:94,createPaginationLinks
FN:98,(anonymous_4)
FN:135,parseFilters
FN:138,(anonymous_6)
FN:154,createFilterMetadata
FN:170,validatePaginationParams
FNF:9
FNH:0
FNDA:0,calculatePagination
FNDA:0,paginateArray
FNDA:0,createPaginatedResponse
FNDA:0,createPaginationLinks
FNDA:0,(anonymous_4)
FNDA:0,parseFilters
FNDA:0,(anonymous_6)
FNDA:0,createFilterMetadata
FNDA:0,validatePaginationParams
DA:20,0
DA:21,0
DA:22,0
DA:25,0
DA:26,0
DA:27,0
DA:30,0
DA:31,0
DA:32,0
DA:33,0
DA:34,0
DA:36,0
DA:55,0
DA:56,0
DA:67,0
DA:95,0
DA:98,0
DA:99,0
DA:104,0
DA:107,0
DA:112,0
DA:113,0
DA:116,0
DA:117,0
DA:121,0
DA:122,0
DA:123,0
DA:126,0
DA:136,0
DA:138,0
DA:139,0
DA:140,0
DA:144,0
DA:155,0
DA:157,0
DA:171,0
DA:173,0
DA:174,0
DA:175,0
DA:176,0
DA:177,0
DA:178,0
DA:179,0
DA:180,0
DA:184,0
DA:185,0
DA:186,0
DA:187,0
DA:188,0
DA:189,0
DA:193,0
DA:194,0
DA:195,0
DA:196,0
DA:197,0
DA:201,0
LF:56
LH:0
BRDA:20,0,0,0
BRDA:20,0,1,0
BRDA:21,1,0,0
BRDA:21,1,1,0
BRDA:22,2,0,0
BRDA:22,2,1,0
BRDA:25,3,0,0
BRDA:25,3,1,0
BRDA:26,4,0,0
BRDA:26,4,1,0
BRDA:27,5,0,0
BRDA:27,5,1,0
BRDA:27,6,0,0
BRDA:27,6,1,0
BRDA:33,7,0,0
BRDA:33,7,1,0
BRDA:34,8,0,0
BRDA:34,8,1,0
BRDA:66,9,0,0
BRDA:94,10,0,0
BRDA:112,11,0,0
BRDA:112,11,1,0
BRDA:116,12,0,0
BRDA:116,12,1,0
BRDA:121,13,0,0
BRDA:121,13,1,0
BRDA:135,14,0,0
BRDA:139,15,0,0
BRDA:139,15,1,0
BRDA:139,16,0,0
BRDA:139,16,1,0
BRDA:154,17,0,0
BRDA:173,18,0,0
BRDA:173,18,1,0
BRDA:175,19,0,0
BRDA:175,19,1,0
BRDA:177,20,0,0
BRDA:177,20,1,0
BRDA:179,21,0,0
BRDA:179,21,1,0
BRDA:184,22,0,0
BRDA:184,22,1,0
BRDA:186,23,0,0
BRDA:186,23,1,0
BRDA:188,24,0,0
BRDA:188,24,1,0
BRDA:193,25,0,0
BRDA:193,25,1,0
BRF:48
BRH:0
end_of_record
TN:
SF:src/utils/seedData.js
FN:11,(anonymous_0)
FN:22,(anonymous_1)
FN:55,(anonymous_2)
FN:101,(anonymous_3)
FN:174,(anonymous_4)
FN:209,(anonymous_5)
FN:241,(anonymous_6)
FNF:7
FNH:0
FNDA:0,(anonymous_0)
FNDA:0,(anonymous_1)
FNDA:0,(anonymous_2)
FNDA:0,(anonymous_3)
FNDA:0,(anonymous_4)
FNDA:0,(anonymous_5)
FNDA:0,(anonymous_6)
DA:6,0
DA:7,0
DA:8,0
DA:12,0
DA:13,0
DA:14,0
DA:15,0
DA:23,0
DA:24,0
DA:25,0
DA:28,0
DA:29,0
DA:32,0
DA:35,0
DA:38,0
DA:40,0
DA:41,0
DA:44,0
DA:47,0
DA:56,0
DA:58,0
DA:59,0
DA:60,0
DA:61,0
DA:65,0
DA:76,0
DA:77,0
DA:87,0
DA:90,0
DA:91,0
DA:93,0
DA:102,0
DA:134,0
DA:136,0
DA:137,0
DA:139,0
DA:144,0
DA:145,0
DA:148,0
DA:158,0
DA:163,0
DA:166,0
DA:175,0
DA:182,0
DA:184,0
DA:185,0
DA:186,0
DA:192,0
DA:193,0
DA:194,0
DA:198,0
DA:201,0
DA:210,0
DA:211,0
DA:212,0
DA:214,0
DA:216,0
DA:217,0
DA:218,0
DA:219,0
DA:220,0
DA:221,0
DA:222,0
DA:223,0
DA:226,0
DA:227,0
DA:228,0
DA:229,0
DA:230,0
DA:231,0
DA:234,0
DA:242,0
DA:245,0
DA:246,0
DA:247,0
DA:249,0
DA:252,0
DA:257,0
LF:78
LH:0
BRDA:23,0,0,0
BRDA:23,0,1,0
BRDA:59,1,0,0
BRDA:59,1,1,0
BRDA:90,2,0,0
BRDA:90,2,1,0
BRDA:144,3,0,0
BRDA:144,3,1,0
BRDA:192,4,0,0
BRDA:192,4,1,0
BRDA:212,5,0,0
BRDA:212,5,1,0
BRDA:221,6,0,0
BRDA:221,6,1,0
BRF:14
BRH:0
end_of_record
TN:
SF:src/utils/stringMatcher.js
FN:16,levenshteinDistance
FN:17,(anonymous_1)
FN:45,calculateSimilarity
FN:61,containsPartial
FN:72,startsWith
FN:83,endsWith
FN:98,findFuzzyMatches
FN:139,(anonymous_7)
FN:158,searchLicensePlates
FN:214,(anonymous_9)
FN:232,normalizeLicensePlate
FN:246,validateSearchTerm
FNF:12
FNH:0
FNDA:0,levenshteinDistance
FNDA:0,(anonymous_1)
FNDA:0,calculateSimilarity
FNDA:0,containsPartial
FNDA:0,startsWith
FNDA:0,endsWith
FNDA:0,findFuzzyMatches
FNDA:0,(anonymous_7)
FNDA:0,searchLicensePlates
FNDA:0,(anonymous_9)
FNDA:0,normalizeLicensePlate
FNDA:0,validateSearchTerm
DA:17,0
DA:19,0
DA:20,0
DA:22,0
DA:23,0
DA:24,0
DA:25,0
DA:27,0
DA:36,0
DA:46,0
DA:47,0
DA:49,0
DA:50,0
DA:52,0
DA:62,0
DA:63,0
DA:73,0
DA:74,0
DA:84,0
DA:85,0
DA:103,0
DA:105,0
DA:107,0
DA:108,0
DA:110,0
DA:111,0
DA:113,0
DA:114,0
DA:117,0
DA:118,0
DA:121,0
DA:122,0
DA:125,0
DA:126,0
DA:130,0
DA:133,0
DA:134,0
DA:139,0
DA:140,0
DA:141,0
DA:142,0
DA:145,0
DA:163,0
DA:165,0
DA:167,0
DA:168,0
DA:170,0
DA:171,0
DA:173,0
DA:176,0
DA:177,0
DA:178,0
DA:183,0
DA:188,0
DA:189,0
DA:190,0
DA:191,0
DA:196,0
DA:201,0
DA:202,0
DA:203,0
DA:204,0
DA:214,0
DA:216,0
DA:217,0
DA:218,0
DA:221,0
DA:224,0
DA:233,0
DA:235,0
DA:247,0
DA:249,0
DA:250,0
DA:252,0
DA:254,0
DA:255,0
DA:258,0
DA:259,0
DA:263,0
DA:264,0
DA:268,0
DA:275,0
LF:82
LH:0
BRDA:24,0,0,0
BRDA:24,0,1,0
BRDA:46,1,0,0
BRDA:46,1,1,0
BRDA:47,2,0,0
BRDA:47,2,1,0
BRDA:47,3,0,0
BRDA:47,3,1,0
BRDA:52,4,0,0
BRDA:52,4,1,0
BRDA:62,5,0,0
BRDA:62,5,1,0
BRDA:62,6,0,0
BRDA:62,6,1,0
BRDA:73,7,0,0
BRDA:73,7,1,0
BRDA:73,8,0,0
BRDA:73,8,1,0
BRDA:84,9,0,0
BRDA:84,9,1,0
BRDA:84,10,0,0
BRDA:84,10,1,0
BRDA:98,11,0,0
BRDA:100,12,0,0
BRDA:101,13,0,0
BRDA:102,14,0,0
BRDA:105,15,0,0
BRDA:105,15,1,0
BRDA:105,16,0,0
BRDA:105,16,1,0
BRDA:111,17,0,0
BRDA:111,17,1,0
BRDA:117,18,0,0
BRDA:117,18,1,0
BRDA:121,19,0,0
BRDA:121,19,1,0
BRDA:125,20,0,0
BRDA:125,20,1,0
BRDA:133,21,0,0
BRDA:133,21,1,0
BRDA:140,22,0,0
BRDA:140,22,1,0
BRDA:140,23,0,0
BRDA:140,23,1,0
BRDA:140,23,2,0
BRDA:141,24,0,0
BRDA:141,24,1,0
BRDA:141,25,0,0
BRDA:141,25,1,0
BRDA:141,25,2,0
BRDA:158,26,0,0
BRDA:160,27,0,0
BRDA:161,28,0,0
BRDA:162,29,0,0
BRDA:165,30,0,0
BRDA:165,30,1,0
BRDA:165,31,0,0
BRDA:165,31,1,0
BRDA:171,32,0,0
BRDA:171,32,1,0
BRDA:176,33,0,0
BRDA:176,33,1,0
BRDA:176,34,0,0
BRDA:176,34,1,0
BRDA:177,35,0,0
BRDA:177,35,1,0
BRDA:188,36,0,0
BRDA:188,36,1,0
BRDA:188,37,0,0
BRDA:188,37,1,0
BRDA:189,38,0,0
BRDA:189,38,1,0
BRDA:190,39,0,0
BRDA:190,39,1,0
BRDA:201,40,0,0
BRDA:201,40,1,0
BRDA:201,41,0,0
BRDA:201,41,1,0
BRDA:203,42,0,0
BRDA:203,42,1,0
BRDA:217,43,0,0
BRDA:217,43,1,0
BRDA:233,44,0,0
BRDA:233,44,1,0
BRDA:249,45,0,0
BRDA:249,45,1,0
BRDA:249,46,0,0
BRDA:249,46,1,0
BRDA:254,47,0,0
BRDA:254,47,1,0
BRDA:258,48,0,0
BRDA:258,48,1,0
BRDA:263,49,0,0
BRDA:263,49,1,0
BRDA:271,50,0,0
BRDA:271,50,1,0
BRF:96
BRH:0
end_of_record
TN:
SF:src/utils/timeCalculator.js
FN:17,calculateParkingDuration
FN:64,calculateBillableHours
FN:80,minutesToHoursAndMinutes
FN:96,millisecondsToMinutes
FN:105,hoursToMinutes
FN:114,formatDuration
FN:134,isWithinGracePeriod
FN:145,applyGracePeriod
FN:157,getCurrentTimestamp
FN:166,isValidTimestamp
FN:180,getCurrentParkingDuration
FN:190,calculateEstimatedCost
FNF:12
FNH:0
FNDA:0,calculateParkingDuration
FNDA:0,calculateBillableHours
FNDA:0,minutesToHoursAndMinutes
FNDA:0,millisecondsToMinutes
FNDA:0,hoursToMinutes
FNDA:0,formatDuration
FNDA:0,isWithinGracePeriod
FNDA:0,applyGracePeriod
FNDA:0,getCurrentTimestamp
FNDA:0,isValidTimestamp
FNDA:0,getCurrentParkingDuration
FNDA:0,calculateEstimatedCost
DA:18,0
DA:19,0
DA:22,0
DA:23,0
DA:25,0
DA:26,0
DA:29,0
DA:30,0
DA:33,0
DA:34,0
DA:37,0
DA:38,0
DA:39,0
DA:40,0
DA:42,0
DA:43,0
DA:45,0
DA:65,0
DA:66,0
DA:69,0
DA:70,0
DA:72,0
DA:81,0
DA:82,0
DA:85,0
DA:86,0
DA:88,0
DA:97,0
DA:106,0
DA:115,0
DA:117,0
DA:118,0
DA:121,0
DA:122,0
DA:125,0
DA:135,0
DA:146,0
DA:147,0
DA:150,0
DA:158,0
DA:167,0
DA:168,0
DA:171,0
DA:172,0
DA:181,0
DA:191,0
DA:192,0
DA:194,0
DA:201,0
LF:49
LH:0
BRDA:17,0,0,0
BRDA:18,1,0,0
BRDA:18,1,1,0
BRDA:23,2,0,0
BRDA:23,2,1,0
BRDA:25,3,0,0
BRDA:25,3,1,0
BRDA:29,4,0,0
BRDA:29,4,1,0
BRDA:29,5,0,0
BRDA:29,5,1,0
BRDA:33,6,0,0
BRDA:33,6,1,0
BRDA:64,7,0,0
BRDA:65,8,0,0
BRDA:65,8,1,0
BRDA:81,9,0,0
BRDA:81,9,1,0
BRDA:117,10,0,0
BRDA:117,10,1,0
BRDA:118,11,0,0
BRDA:118,11,1,0
BRDA:121,12,0,0
BRDA:121,12,1,0
BRDA:122,13,0,0
BRDA:122,13,1,0
BRDA:125,14,0,0
BRDA:125,14,1,0
BRDA:125,15,0,0
BRDA:125,15,1,0
BRDA:134,16,0,0
BRDA:145,17,0,0
BRDA:145,18,0,0
BRDA:146,19,0,0
BRDA:146,19,1,0
BRDA:167,20,0,0
BRDA:167,20,1,0
BRDA:167,21,0,0
BRDA:167,21,1,0
BRDA:190,22,0,0
BRF:40
BRH:0
end_of_record
TN:
SF:src/utils/validators.js
FN:16,validateSpot
FN:57,(anonymous_1)
FN:76,validateVehicle
FN:127,validateGarageConfig
FN:143,(anonymous_4)
FN:161,(anonymous_5)
FN:173,(anonymous_6)
FN:199,isValidSpotId
FN:213,generateSpotId
FN:233,isValidLicensePlate
FNF:10
FNH:0
FNDA:0,validateSpot
FNDA:0,(anonymous_1)
FNDA:0,validateVehicle
FNDA:0,validateGarageConfig
FNDA:0,(anonymous_4)
FNDA:0,(anonymous_5)
FNDA:0,(anonymous_6)
FNDA:0,isValidSpotId
FNDA:0,generateSpotId
FNDA:0,isValidLicensePlate
DA:17,0
DA:19,0
DA:20,0
DA:24,0
DA:25,0
DA:28,0
DA:29,0
DA:32,0
DA:33,0
DA:36,0
DA:37,0
DA:41,0
DA:42,0
DA:43,0
DA:47,0
DA:48,0
DA:49,0
DA:53,0
DA:54,0
DA:56,0
DA:57,0
DA:58,0
DA:59,0
DA:64,0
DA:65,0
DA:68,0
DA:77,0
DA:79,0
DA:80,0
DA:84,0
DA:85,0
DA:86,0
DA:87,0
DA:91,0
DA:92,0
DA:93,0
DA:94,0
DA:98,0
DA:99,0
DA:101,0
DA:102,0
DA:103,0
DA:108,0
DA:109,0
DA:110,0
DA:114,0
DA:115,0
DA:116,0
DA:119,0
DA:128,0
DA:130,0
DA:131,0
DA:135,0
DA:136,0
DA:140,0
DA:141,0
DA:143,0
DA:144,0
DA:145,0
DA:147,0
DA:148,0
DA:150,0
DA:151,0
DA:157,0
DA:158,0
DA:160,0
DA:161,0
DA:162,0
DA:163,0
DA:169,0
DA:170,0
DA:172,0
DA:173,0
DA:174,0
DA:175,0
DA:176,0
DA:178,0
DA:179,0
DA:181,0
DA:182,0
DA:184,0
DA:185,0
DA:191,0
DA:200,0
DA:202,0
DA:203,0
DA:214,0
DA:215,0
DA:217,0
DA:218,0
DA:220,0
DA:221,0
DA:224,0
DA:225,0
DA:234,0
DA:235,0
DA:238,0
LF:97
LH:0
BRDA:19,0,0,0
BRDA:19,0,1,0
BRDA:19,1,0,0
BRDA:19,1,1,0
BRDA:24,2,0,0
BRDA:24,2,1,0
BRDA:24,3,0,0
BRDA:24,3,1,0
BRDA:28,4,0,0
BRDA:28,4,1,0
BRDA:28,5,0,0
BRDA:28,5,1,0
BRDA:32,6,0,0
BRDA:32,6,1,0
BRDA:32,7,0,0
BRDA:32,7,1,0
BRDA:36,8,0,0
BRDA:36,8,1,0
BRDA:36,9,0,0
BRDA:36,9,1,0
BRDA:42,10,0,0
BRDA:42,10,1,0
BRDA:48,11,0,0
BRDA:48,11,1,0
BRDA:53,12,0,0
BRDA:53,12,1,0
BRDA:58,13,0,0
BRDA:58,13,1,0
BRDA:64,14,0,0
BRDA:64,14,1,0
BRDA:64,15,0,0
BRDA:64,15,1,0
BRDA:79,16,0,0
BRDA:79,16,1,0
BRDA:79,17,0,0
BRDA:79,17,1,0
BRDA:84,18,0,0
BRDA:84,18,1,0
BRDA:84,19,0,0
BRDA:84,19,1,0
BRDA:86,20,0,0
BRDA:86,20,1,0
BRDA:86,21,0,0
BRDA:86,21,1,0
BRDA:91,22,0,0
BRDA:91,22,1,0
BRDA:91,23,0,0
BRDA:91,23,1,0
BRDA:93,24,0,0
BRDA:93,24,1,0
BRDA:98,25,0,0
BRDA:98,25,1,0
BRDA:102,26,0,0
BRDA:102,26,1,0
BRDA:109,27,0,0
BRDA:109,27,1,0
BRDA:115,28,0,0
BRDA:115,28,1,0
BRDA:130,29,0,0
BRDA:130,29,1,0
BRDA:130,30,0,0
BRDA:130,30,1,0
BRDA:135,31,0,0
BRDA:135,31,1,0
BRDA:135,32,0,0
BRDA:135,32,1,0
BRDA:140,33,0,0
BRDA:140,33,1,0
BRDA:144,34,0,0
BRDA:144,34,1,0
BRDA:144,35,0,0
BRDA:144,35,1,0
BRDA:147,36,0,0
BRDA:147,36,1,0
BRDA:147,37,0,0
BRDA:147,37,1,0
BRDA:150,38,0,0
BRDA:150,38,1,0
BRDA:150,39,0,0
BRDA:150,39,1,0
BRDA:157,40,0,0
BRDA:157,40,1,0
BRDA:157,41,0,0
BRDA:157,41,1,0
BRDA:162,42,0,0
BRDA:162,42,1,0
BRDA:162,43,0,0
BRDA:162,43,1,0
BRDA:169,44,0,0
BRDA:169,44,1,0
BRDA:169,45,0,0
BRDA:169,45,1,0
BRDA:175,46,0,0
BRDA:175,46,1,0
BRDA:175,47,0,0
BRDA:175,47,1,0
BRDA:178,48,0,0
BRDA:178,48,1,0
BRDA:178,49,0,0
BRDA:178,49,1,0
BRDA:181,50,0,0
BRDA:181,50,1,0
BRDA:181,51,0,0
BRDA:181,51,1,0
BRDA:184,52,0,0
BRDA:184,52,1,0
BRDA:200,53,0,0
BRDA:200,53,1,0
BRDA:214,54,0,0
BRDA:214,54,1,0
BRDA:214,55,0,0
BRDA:214,55,1,0
BRDA:217,56,0,0
BRDA:217,56,1,0
BRDA:217,57,0,0
BRDA:217,57,1,0
BRDA:220,58,0,0
BRDA:220,58,1,0
BRDA:220,59,0,0
BRDA:220,59,1,0
BRDA:234,60,0,0
BRDA:234,60,1,0
BRDA:235,61,0,0
BRDA:235,61,1,0
BRF:124
BRH:0
end_of_record
